2020-12-08 19:58:07,251 [INFO] Activator:176 - 


2020-12-08 19:58:07,255 [INFO] Activator:177 - !SESSION log4j initialized
2020-12-08 19:58:16,159 [INFO] ApplicationProperties:181 - Using Application install path: C:\ST\STM32CubeIDE_1.3.0\STM32CubeIDE\plugins\com.st.stm32cube.common.mx_5.6.0.202002181639
2020-12-08 19:58:16,181 [INFO] DbMcusXml:72 - Set database path to: C:\ST\STM32CubeIDE_1.3.0\STM32CubeIDE\plugins\com.st.stm32cube.common.mx_5.6.0.202002181639\\db\/mcu/
2020-12-08 19:58:16,186 [INFO] DbBoardsPdsc:54 - Set plugin database path to: C:\ST\STM32CubeIDE_1.3.0\STM32CubeIDE\plugins\com.st.stm32cube.common.mx_5.6.0.202002181639\\db\/plugins/boardmanager/
2020-12-08 19:58:16,187 [INFO] DbMcus:235 - Set plugin images path to: C:\ST\STM32CubeIDE_1.3.0\STM32CubeIDE\plugins\com.st.stm32cube.common.mx_5.6.0.202002181639\\db\/plugins/mcufinder/images/
2020-12-08 19:58:16,187 [INFO] DbBoards:232 - Set plugin images path to: C:\ST\STM32CubeIDE_1.3.0\STM32CubeIDE\plugins\com.st.stm32cube.common.mx_5.6.0.202002181639\\db\/plugins/mcufinder/images/
2020-12-08 19:58:16,201 [INFO] DbMcusAds:85 - Set database path to: C:\Users\PC\.stmcufinder\plugins\mcufinder//mcu/
2020-12-08 19:58:16,202 [INFO] DbMcusDocs:108 - Set database path to: C:\Users\PC\.stmcufinder\plugins\mcufinder//mcu/
2020-12-08 19:58:16,205 [INFO] DbMcusJson:61 - Set database path to: C:\Users\PC\.stmcufinder\plugins\mcufinder//mcu/
2020-12-08 19:58:16,206 [INFO] DbBoardsDocs:97 - Set database path to: C:\Users\PC\.stmcufinder\plugins\mcufinder//mcu/
2020-12-08 19:58:16,208 [INFO] DbBoardsJson:51 - Set database path to: C:\Users\PC\.stmcufinder\plugins\mcufinder//mcu/
2020-12-08 19:58:16,224 [INFO] CrossReferenceDbSqlite:197 - Set database path to: C:\Users\PC\.stmcufinder\plugins\mcufinder//mcu/cs/
2020-12-08 19:58:16,418 [INFO] RulesReader:52 - Compatibility file has been processed (208 Rules)
2020-12-08 19:58:16,570 [INFO] MicroXplorer:570 - Detected Java Version = 1.8.0_242
2020-12-08 19:58:16,571 [INFO] DbMcusXml:72 - Set database path to: C:\ST\STM32CubeIDE_1.3.0\STM32CubeIDE\plugins\com.st.stm32cube.common.mx_5.6.0.202002181639\\db\/mcu/
2020-12-08 19:58:16,571 [INFO] DbBoardsPdsc:54 - Set plugin database path to: C:\ST\STM32CubeIDE_1.3.0\STM32CubeIDE\plugins\com.st.stm32cube.common.mx_5.6.0.202002181639\\db\/plugins/boardmanager/
2020-12-08 19:58:16,571 [INFO] DbMcus:235 - Set plugin images path to: C:\ST\STM32CubeIDE_1.3.0\STM32CubeIDE\plugins\com.st.stm32cube.common.mx_5.6.0.202002181639\\db\/plugins/mcufinder/images/
2020-12-08 19:58:16,572 [INFO] DbBoards:232 - Set plugin images path to: C:\ST\STM32CubeIDE_1.3.0\STM32CubeIDE\plugins\com.st.stm32cube.common.mx_5.6.0.202002181639\\db\/plugins/mcufinder/images/
2020-12-08 19:58:16,573 [WARN] DbFile:36 - Overriding database path with different value: C:\Users\PC\.stmcufinder\plugins\mcufinder/ => C:\Users\PC\.stmcufinder\plugins\mcufinder
2020-12-08 19:58:16,573 [INFO] DbMcusAds:85 - Set database path to: C:\Users\PC\.stmcufinder\plugins\mcufinder//mcu/
2020-12-08 19:58:16,573 [WARN] DbFile:36 - Overriding database path with different value: C:\Users\PC\.stmcufinder\plugins\mcufinder/ => C:\Users\PC\.stmcufinder\plugins\mcufinder
2020-12-08 19:58:16,574 [INFO] DbMcusDocs:108 - Set database path to: C:\Users\PC\.stmcufinder\plugins\mcufinder//mcu/
2020-12-08 19:58:16,574 [WARN] DbFile:36 - Overriding database path with different value: C:\Users\PC\.stmcufinder\plugins\mcufinder/ => C:\Users\PC\.stmcufinder\plugins\mcufinder
2020-12-08 19:58:16,574 [INFO] DbMcusJson:61 - Set database path to: C:\Users\PC\.stmcufinder\plugins\mcufinder//mcu/
2020-12-08 19:58:16,574 [WARN] DbFile:36 - Overriding database path with different value: C:\Users\PC\.stmcufinder\plugins\mcufinder/ => C:\Users\PC\.stmcufinder\plugins\mcufinder
2020-12-08 19:58:16,575 [INFO] DbBoardsDocs:97 - Set database path to: C:\Users\PC\.stmcufinder\plugins\mcufinder//mcu/
2020-12-08 19:58:16,575 [WARN] DbFile:36 - Overriding database path with different value: C:\Users\PC\.stmcufinder\plugins\mcufinder/ => C:\Users\PC\.stmcufinder\plugins\mcufinder
2020-12-08 19:58:16,575 [INFO] DbBoardsJson:51 - Set database path to: C:\Users\PC\.stmcufinder\plugins\mcufinder//mcu/
2020-12-08 19:58:16,575 [WARN] DbFile:36 - Overriding database path with different value: C:\Users\PC\.stmcufinder\plugins\mcufinder/ => C:\Users\PC\.stmcufinder\plugins\mcufinder
2020-12-08 19:58:16,575 [WARN] DbFile:36 - Overriding database path with different value: C:\Users\PC\.stmcufinder\plugins\mcufinder/ => C:\Users\PC\.stmcufinder\plugins\mcufinder
2020-12-08 19:58:16,576 [INFO] CrossReferenceDbSqlite:197 - Set database path to: C:\Users\PC\.stmcufinder\plugins\mcufinder//mcu/cs/
2020-12-08 19:58:16,683 [INFO] MainPanel:181 - HeapMemory: 294649856
2020-12-08 19:58:16,827 [INFO] DbMcusXml:72 - Set database path to: C:\ST\STM32CubeIDE_1.3.0\STM32CubeIDE\plugins\com.st.stm32cube.common.mx_5.6.0.202002181639\\db\/mcu/
2020-12-08 19:58:16,828 [INFO] DbBoardsPdsc:54 - Set plugin database path to: C:\ST\STM32CubeIDE_1.3.0\STM32CubeIDE\plugins\com.st.stm32cube.common.mx_5.6.0.202002181639\\db\/plugins/boardmanager/
2020-12-08 19:58:16,828 [INFO] DbMcus:235 - Set plugin images path to: C:\ST\STM32CubeIDE_1.3.0\STM32CubeIDE\plugins\com.st.stm32cube.common.mx_5.6.0.202002181639\\db\/plugins/mcufinder/images/
2020-12-08 19:58:16,828 [INFO] DbBoards:232 - Set plugin images path to: C:\ST\STM32CubeIDE_1.3.0\STM32CubeIDE\plugins\com.st.stm32cube.common.mx_5.6.0.202002181639\\db\/plugins/mcufinder/images/
2020-12-08 19:58:16,829 [WARN] DbFile:36 - Overriding database path with different value: C:\Users\PC\.stmcufinder\plugins\mcufinder/ => C:\Users\PC\.stmcufinder\plugins\mcufinder
2020-12-08 19:58:16,830 [INFO] DbMcusAds:85 - Set database path to: C:\Users\PC\.stmcufinder\plugins\mcufinder//mcu/
2020-12-08 19:58:16,830 [WARN] DbFile:36 - Overriding database path with different value: C:\Users\PC\.stmcufinder\plugins\mcufinder/ => C:\Users\PC\.stmcufinder\plugins\mcufinder
2020-12-08 19:58:16,830 [INFO] DbMcusDocs:108 - Set database path to: C:\Users\PC\.stmcufinder\plugins\mcufinder//mcu/
2020-12-08 19:58:16,830 [WARN] DbFile:36 - Overriding database path with different value: C:\Users\PC\.stmcufinder\plugins\mcufinder/ => C:\Users\PC\.stmcufinder\plugins\mcufinder
2020-12-08 19:58:16,831 [INFO] DbMcusJson:61 - Set database path to: C:\Users\PC\.stmcufinder\plugins\mcufinder//mcu/
2020-12-08 19:58:16,831 [WARN] DbFile:36 - Overriding database path with different value: C:\Users\PC\.stmcufinder\plugins\mcufinder/ => C:\Users\PC\.stmcufinder\plugins\mcufinder
2020-12-08 19:58:16,831 [INFO] DbBoardsDocs:97 - Set database path to: C:\Users\PC\.stmcufinder\plugins\mcufinder//mcu/
2020-12-08 19:58:16,831 [WARN] DbFile:36 - Overriding database path with different value: C:\Users\PC\.stmcufinder\plugins\mcufinder/ => C:\Users\PC\.stmcufinder\plugins\mcufinder
2020-12-08 19:58:16,831 [INFO] DbBoardsJson:51 - Set database path to: C:\Users\PC\.stmcufinder\plugins\mcufinder//mcu/
2020-12-08 19:58:16,832 [WARN] DbFile:36 - Overriding database path with different value: C:\Users\PC\.stmcufinder\plugins\mcufinder/ => C:\Users\PC\.stmcufinder\plugins\mcufinder
2020-12-08 19:58:16,832 [WARN] DbFile:36 - Overriding database path with different value: C:\Users\PC\.stmcufinder\plugins\mcufinder/ => C:\Users\PC\.stmcufinder\plugins\mcufinder
2020-12-08 19:58:16,832 [INFO] CrossReferenceDbSqlite:197 - Set database path to: C:\Users\PC\.stmcufinder\plugins\mcufinder//mcu/cs/
2020-12-08 19:58:16,875 [INFO] ApplicationProperties:181 - Using Application install path: C:\ST\STM32CubeIDE_1.3.0\STM32CubeIDE\plugins\com.st.stm32cube.common.mx_5.6.0.202002181639
2020-12-08 19:58:16,878 [INFO] PluginManage:178 - Search for loadable plugins [exclusion list=, tutovideos]
2020-12-08 19:58:16,881 [INFO] PluginManage:292 - Check plugin analytics
2020-12-08 19:58:16,899 [INFO] PluginManage:342 - Loaded plugin analytics (category:tool,tabindex:-1)
2020-12-08 19:58:16,900 [INFO] PluginManage:292 - Check plugin clock
2020-12-08 19:58:16,925 [INFO] PluginManage:342 - Loaded plugin clock (category:base,tabindex:2)
2020-12-08 19:58:16,926 [INFO] PluginManage:292 - Check plugin ddr
2020-12-08 19:58:16,932 [INFO] PluginManage:342 - Loaded plugin ddr (category:tool,tabindex:6)
2020-12-08 19:58:16,932 [INFO] PluginManage:292 - Check plugin filemanager
2020-12-08 19:58:17,113 [INFO] PluginManage:342 - Loaded plugin filemanager (category:base,tabindex:10)
2020-12-08 19:58:17,113 [INFO] PluginManage:292 - Check plugin ipmanager
2020-12-08 19:58:17,130 [INFO] PluginManage:342 - Loaded plugin ipmanager (category:base,tabindex:5)
2020-12-08 19:58:17,130 [INFO] PluginManage:292 - Check plugin pinoutandconfiguration
2020-12-08 19:58:17,145 [INFO] PluginManage:342 - Loaded plugin pinoutandconfiguration (category:base,tabindex:1)
2020-12-08 19:58:17,145 [INFO] PluginManage:292 - Check plugin pinoutconfig
2020-12-08 19:58:17,184 [INFO] PluginManage:342 - Loaded plugin pinoutconfig (category:base,tabindex:0)
2020-12-08 19:58:17,185 [INFO] PluginManage:292 - Check plugin power
2020-12-08 19:58:17,206 [INFO] PluginManage:342 - Loaded plugin power (category:power,tabindex:4)
2020-12-08 19:58:17,207 [INFO] PluginManage:292 - Check plugin projectmanager
2020-12-08 19:58:17,254 [INFO] PluginManage:342 - Loaded plugin projectmanager (category:projectmanager,tabindex:3)
2020-12-08 19:58:17,254 [INFO] PluginManage:292 - Check plugin thirdparty
2020-12-08 19:58:17,477 [INFO] ThirdPartyDb:295 - Open Third Party DataBase File (C:/Users/PC/.stm32cubemx/plugins/thirdparty/db/thirdparties_db.xml) : 115 ms. number of Sw pack : 30
2020-12-08 19:58:17,491 [INFO] PluginManage:342 - Loaded plugin thirdparty (category:base,tabindex:-1)
2020-12-08 19:58:17,492 [INFO] PluginManage:292 - Check plugin tools
2020-12-08 19:58:17,498 [INFO] PluginManage:342 - Loaded plugin tools (category:base,tabindex:7)
2020-12-08 19:58:17,498 [INFO] PluginManage:292 - Check plugin tutovideos
2020-12-08 19:58:17,500 [INFO] PluginManage:347 - Ignore plugin tutovideos (category:base)
2020-12-08 19:58:17,500 [INFO] PluginManage:292 - Check plugin updater
2020-12-08 19:58:17,524 [INFO] PluginManage:342 - Loaded plugin updater (category:base,tabindex:12)
2020-12-08 19:58:17,525 [INFO] PluginManage:265 - PluginManage : Loaded plugins [12]
2020-12-08 19:58:17,832 [INFO] PinOutPanel:1420 - setPackage(No Configuration,No Configuration)
2020-12-08 19:58:18,013 [INFO] IPUIPlugin:65 - create IPUIPlugin
2020-12-08 19:58:18,013 [INFO] PluginManager:200 - loadIPPluginJar : add adc
2020-12-08 19:58:18,019 [INFO] IPUIPlugin:65 - create IPUIPlugin
2020-12-08 19:58:18,019 [INFO] PluginManager:200 - loadIPPluginJar : add aes
2020-12-08 19:58:18,024 [INFO] IPUIPlugin:65 - create IPUIPlugin
2020-12-08 19:58:18,024 [INFO] PluginManager:200 - loadIPPluginJar : add can
2020-12-08 19:58:18,027 [INFO] IPUIPlugin:65 - create IPUIPlugin
2020-12-08 19:58:18,027 [INFO] PluginManager:200 - loadIPPluginJar : add comp
2020-12-08 19:58:18,031 [INFO] IPUIPlugin:65 - create IPUIPlugin
2020-12-08 19:58:18,032 [INFO] PluginManager:200 - loadIPPluginJar : add cryp
2020-12-08 19:58:18,036 [INFO] IPUIPlugin:65 - create IPUIPlugin
2020-12-08 19:58:18,036 [INFO] PluginManager:200 - loadIPPluginJar : add dfsdm
2020-12-08 19:58:18,044 [INFO] IPUIPlugin:65 - create IPUIPlugin
2020-12-08 19:58:18,045 [INFO] PluginManager:200 - loadIPPluginJar : add dma
2020-12-08 19:58:18,048 [INFO] IPUIPlugin:65 - create IPUIPlugin
2020-12-08 19:58:18,048 [INFO] PluginManager:200 - loadIPPluginJar : add fatfs
2020-12-08 19:58:18,055 [INFO] IPUIPlugin:65 - create IPUIPlugin
2020-12-08 19:58:18,055 [INFO] PluginManager:200 - loadIPPluginJar : add fmc
2020-12-08 19:58:18,068 [INFO] IPUIPlugin:65 - create IPUIPlugin
2020-12-08 19:58:18,069 [INFO] PluginManager:200 - loadIPPluginJar : add freertos
2020-12-08 19:58:18,073 [INFO] IPUIPlugin:65 - create IPUIPlugin
2020-12-08 19:58:18,073 [INFO] PluginManager:200 - loadIPPluginJar : add genericplugin
2020-12-08 19:58:18,079 [INFO] IPUIPlugin:65 - create IPUIPlugin
2020-12-08 19:58:18,079 [INFO] PluginManager:200 - loadIPPluginJar : add gfxmmu
2020-12-08 19:58:18,091 [INFO] IPUIPlugin:65 - create IPUIPlugin
2020-12-08 19:58:18,091 [INFO] PluginManager:200 - loadIPPluginJar : add gic
2020-12-08 19:58:18,099 [INFO] IPUIPlugin:65 - create IPUIPlugin
2020-12-08 19:58:18,100 [INFO] PluginManager:200 - loadIPPluginJar : add gpio
2020-12-08 19:58:18,105 [INFO] IPUIPlugin:65 - create IPUIPlugin
2020-12-08 19:58:18,106 [INFO] PluginManager:200 - loadIPPluginJar : add gtzc
2020-12-08 19:58:18,110 [INFO] IPUIPlugin:65 - create IPUIPlugin
2020-12-08 19:58:18,110 [INFO] PluginManager:200 - loadIPPluginJar : add hash
2020-12-08 19:58:18,115 [INFO] IPUIPlugin:65 - create IPUIPlugin
2020-12-08 19:58:18,115 [INFO] PluginManager:200 - loadIPPluginJar : add i2c
2020-12-08 19:58:18,121 [INFO] IPUIPlugin:65 - create IPUIPlugin
2020-12-08 19:58:18,121 [INFO] PluginManager:200 - loadIPPluginJar : add i2s
2020-12-08 19:58:18,125 [INFO] IPUIPlugin:65 - create IPUIPlugin
2020-12-08 19:58:18,126 [INFO] PluginManager:200 - loadIPPluginJar : add ipddr
2020-12-08 19:58:18,129 [INFO] IPUIPlugin:65 - create IPUIPlugin
2020-12-08 19:58:18,129 [INFO] PluginManager:200 - loadIPPluginJar : add ltdc
2020-12-08 19:58:18,136 [INFO] IPUIPlugin:65 - create IPUIPlugin
2020-12-08 19:58:18,137 [INFO] PluginManager:200 - loadIPPluginJar : add mdma
2020-12-08 19:58:18,142 [INFO] IPUIPlugin:65 - create IPUIPlugin
2020-12-08 19:58:18,143 [INFO] PluginManager:200 - loadIPPluginJar : add nvic
2020-12-08 19:58:18,147 [INFO] IPUIPlugin:65 - create IPUIPlugin
2020-12-08 19:58:18,147 [INFO] PluginManager:200 - loadIPPluginJar : add opamp
2020-12-08 19:58:18,152 [INFO] IPUIPlugin:65 - create IPUIPlugin
2020-12-08 19:58:18,152 [INFO] PluginManager:200 - loadIPPluginJar : add pdm2pcm
2020-12-08 19:58:18,161 [INFO] IPUIPlugin:65 - create IPUIPlugin
2020-12-08 19:58:18,166 [INFO] PluginManager:200 - loadIPPluginJar : add plateformsettings
2020-12-08 19:58:18,169 [INFO] IPUIPlugin:65 - create IPUIPlugin
2020-12-08 19:58:18,170 [INFO] PluginManager:200 - loadIPPluginJar : add quadspi
2020-12-08 19:58:18,178 [INFO] IPUIPlugin:65 - create IPUIPlugin
2020-12-08 19:58:18,178 [INFO] PluginManager:200 - loadIPPluginJar : add resmgrutility
2020-12-08 19:58:18,184 [INFO] IPUIPlugin:65 - create IPUIPlugin
2020-12-08 19:58:18,184 [INFO] PluginManager:200 - loadIPPluginJar : add sai
2020-12-08 19:58:18,188 [INFO] IPUIPlugin:65 - create IPUIPlugin
2020-12-08 19:58:18,189 [INFO] PluginManager:200 - loadIPPluginJar : add spi
2020-12-08 19:58:18,194 [INFO] IPUIPlugin:65 - create IPUIPlugin
2020-12-08 19:58:18,194 [INFO] PluginManager:200 - loadIPPluginJar : add stm32_wpan
2020-12-08 19:58:18,197 [INFO] IPUIPlugin:65 - create IPUIPlugin
2020-12-08 19:58:18,198 [INFO] PluginManager:200 - loadIPPluginJar : add tim
2020-12-08 19:58:18,202 [INFO] IPUIPlugin:65 - create IPUIPlugin
2020-12-08 19:58:18,203 [INFO] PluginManager:200 - loadIPPluginJar : add touchsensing
2020-12-08 19:58:18,206 [INFO] IPUIPlugin:65 - create IPUIPlugin
2020-12-08 19:58:18,206 [INFO] PluginManager:200 - loadIPPluginJar : add tracer_emb
2020-12-08 19:58:18,209 [INFO] IPUIPlugin:65 - create IPUIPlugin
2020-12-08 19:58:18,209 [INFO] PluginManager:200 - loadIPPluginJar : add ts
2020-12-08 19:58:18,212 [INFO] IPUIPlugin:65 - create IPUIPlugin
2020-12-08 19:58:18,213 [INFO] PluginManager:200 - loadIPPluginJar : add tsc
2020-12-08 19:58:18,216 [INFO] IPUIPlugin:65 - create IPUIPlugin
2020-12-08 19:58:18,216 [INFO] PluginManager:200 - loadIPPluginJar : add ucpd
2020-12-08 19:58:18,220 [INFO] IPUIPlugin:65 - create IPUIPlugin
2020-12-08 19:58:18,221 [INFO] PluginManager:200 - loadIPPluginJar : add usart
2020-12-08 19:58:19,156 [INFO] BoardConnectionPanel:3472 - [DDR PANEL] STM32CubeIDE environment
2020-12-08 19:58:19,157 [INFO] MainDdrPanel:103 - [DDR PANEL] GETTER - cubeProgrammerPath is: null
2020-12-08 19:58:19,415 [FATAL] Updater:277 - Updater called before beeing initialized
2020-12-08 19:58:19,814 [FATAL] Updater:277 - Updater called before beeing initialized
2020-12-08 19:58:19,820 [INFO] PinOutPanel:1420 - setPackage(No Configuration,No Configuration)
2020-12-08 19:58:19,822 [FATAL] Updater:277 - Updater called before beeing initialized
2020-12-08 19:58:19,830 [INFO] BoardConnectionPanel:3472 - [DDR PANEL] STM32CubeIDE environment
2020-12-08 19:58:19,831 [INFO] MainDdrPanel:103 - [DDR PANEL] GETTER - cubeProgrammerPath is: C:\ST\STM32CubeIDE_1.3.0\STM32CubeIDE\plugins\com.st.stm32cube.ide.mcu.externaltools.cubeprogrammer.win32_1.3.0.202002181050\tools\bin
2020-12-08 19:58:19,838 [INFO] ProgrammerExecThread:148 - [ProgrammerAPI] CubeProgrammer command construction: C:\ST\STM32CubeIDE_1.3.0\STM32CubeIDE\plugins\com.st.stm32cube.ide.mcu.externaltools.cubeprogrammer.win32_1.3.0.202002181050\tools\bin\STM32_Programmer_CLI.exe -l
2020-12-08 19:58:20,514 [FATAL] Updater:277 - Updater called before beeing initialized
2020-12-08 19:58:20,514 [ERROR] IntegrityCheckThread:252 - Cannot obtain thirdParties list 21
2020-12-08 19:58:20,514 [ERROR] IntegrityCheckThread:100 - Unexpected exception IntegrityCheckThread Thread: Updater error
2020-12-08 19:58:20,515 [INFO] ThirdPartyDb:261 - Close Third Party DataBase File (C:/Users/PC/.stm32cubemx/plugins/thirdparty/db/thirdparties_db.xml)
2020-12-08 19:58:20,542 [INFO] MainDdrPanel:93 - [DDR PANEL] SETTER - Set cubeProgrammerPath to: C:\ST\STM32CubeIDE_1.3.0\STM32CubeIDE\plugins\com.st.stm32cube.ide.mcu.externaltools.cubeprogrammer.win32_1.3.0.202002181050\tools\bin
2020-12-08 19:58:20,554 [INFO] Updater:886 - Updater Version found : 5.6.0
2020-12-08 19:58:20,590 [INFO] ApplicationProperties:181 - Using Application install path: C:\ST\STM32CubeIDE_1.3.0\STM32CubeIDE\plugins\com.st.stm32cube.common.mx_5.6.0.202002181639
2020-12-08 19:58:20,940 [INFO] MainUpdater:2230 - connection check result : 10
2020-12-08 19:58:20,940 [INFO] MainUpdater:2874 - Updater definition file requires update
2020-12-08 19:58:20,943 [INFO] MainUpdater:236 - Updater Check For Update Now.
2020-12-08 19:58:20,943 [INFO] MicroXplorer:420 - Change Database Version : DB.5.0.60
2020-12-08 19:58:21,146 [INFO] ServerAccessManage:348 - Download File updaters.zip
2020-12-08 19:58:21,767 [INFO] FileExtend:225 - Unzip File : updaters.zip
2020-12-08 19:58:21,767 [INFO] FileExtend:240 - Standard Zip Deflate
2020-12-08 19:58:22,498 [INFO] ServerAccessManage:348 - Download File PacksControlFlags.xml
2020-12-08 19:58:22,606 [INFO] ServerAccessManage:348 - Download File cubemx.pidx
2020-12-08 19:58:22,802 [INFO] LoadServerUpdatesThread:301 - End of LoadServerUpdate Thread
2020-12-08 19:58:22,865 [INFO] CheckServerUpdateThread:92 - End of CheckServer Thread
2020-12-08 19:58:23,012 [INFO] MainUpdater:2230 - connection check result : 10
2020-12-08 19:58:23,013 [INFO] LogOutputStream:76 - [STDOUT_REDIRECT] Successfull proxy connection.
2020-12-08 19:58:23,288 [INFO] McuFinderGlobals:40 - Set McuFinder mode to 2 (CubeIDE integrated)
2020-12-08 19:58:23,384 [INFO] FinderPluginLoader:86 - Searching for filters in installed packs
2020-12-08 19:58:23,387 [INFO] DbMcusXml:110 - Load MCU database from C:\ST\STM32CubeIDE_1.3.0\STM32CubeIDE\plugins\com.st.stm32cube.common.mx_5.6.0.202002181639\\db\/mcu/families.xml
2020-12-08 19:58:25,049 [INFO] DbMcusJson:90 - JSON generation date=Thu Nov 05 17:05:07 CET 2020 (1604592307)
2020-12-08 19:58:26,716 [INFO] DbMcus:171 - Found 1670 MCUs (1625 are supported by CubeMX, 1625 are visible in CubeMX)
2020-12-08 19:58:26,719 [INFO] ApiDb:158 - Load user favorites file C:\Users\PC/.stm32cubeide/favorites.mcus.txt: 0 item(s)
2020-12-08 19:58:26,720 [INFO] ApiDb:163 - User favorites MCUs=[]
2020-12-08 19:58:26,720 [INFO] DbMcus:183 - Set 0 / 0 favorites MCUs
2020-12-08 19:58:28,431 [INFO] DbMcusAds:143 - JSON generation date=Wed Oct 21 15:42:18 CEST 2020 (1603287738)
2020-12-08 19:58:28,606 [ERROR] ServerAccessManage:947 - Problem, file not found on Server
2020-12-08 19:58:28,607 [ERROR] ServerAccessManage:517 - Problem, file not found on Server : .
2020-12-08 19:58:28,607 [INFO] LoadUrlFilesThread:161 - End of LoadServerUrlFiles without Thread
2020-12-08 19:58:28,608 [WARN] McuDetailPanel:184 - Failed to get advertising image, set to default
2020-12-08 19:58:30,079 [INFO] ServerAccessManage:348 - Download File mcusAds.json._tmp_
2020-12-08 19:58:30,098 [INFO] LoadUrlFilesThread:134 - End of LoadUrlFiles Thread
2020-12-08 19:58:30,515 [INFO] ServerAccessManage:348 - Download File mcusDocs.json._tmp_
2020-12-08 19:58:30,812 [INFO] LoadUrlFilesThread:134 - End of LoadUrlFiles Thread
2020-12-08 19:58:31,048 [INFO] ServerAccessManage:348 - Download File mcusFeaturesAndDescription.json._tmp_
2020-12-08 19:58:32,444 [INFO] LoadUrlFilesThread:134 - End of LoadUrlFiles Thread
2020-12-08 19:58:32,573 [INFO] ServerAccessManage:348 - Download File boardsDocs.json._tmp_
2020-12-08 19:58:32,658 [INFO] LoadUrlFilesThread:134 - End of LoadUrlFiles Thread
2020-12-08 19:58:32,797 [INFO] ServerAccessManage:348 - Download File boards.json._tmp_
2020-12-08 19:58:32,869 [INFO] LoadUrlFilesThread:134 - End of LoadUrlFiles Thread
2020-12-08 19:58:33,095 [INFO] ServerAccessManage:348 - Download File crdb.zip
2020-12-08 19:58:33,358 [INFO] FileExtend:225 - Unzip File : crdb.zip
2020-12-08 19:58:33,362 [INFO] FileExtend:240 - Standard Zip Deflate
2020-12-08 19:58:33,404 [INFO] LoadUrlFilesThread:134 - End of LoadUrlFiles Thread
2020-12-08 19:58:33,420 [INFO] DbMcusAds:143 - JSON generation date=Wed Oct 21 15:42:18 CEST 2020 (1603287738)
2020-12-08 19:58:33,431 [INFO] DbMcusDocs:142 - JSON generation date=Thu Nov 05 17:05:07 CET 2020 (1604592307)
2020-12-08 19:58:33,906 [INFO] DbMcusDocs:77 - Found 601 MCUs documents
2020-12-08 19:58:33,909 [INFO] ApiDb:186 - Save user favorites file C:\Users\PC/.stm32cubeide/favorites.mcus.txt: 0 item(s)
2020-12-08 19:58:33,909 [INFO] ApiDb:191 - User favorites MCUs=[]
2020-12-08 19:58:33,910 [INFO] DbMcusXml:110 - Load MCU database from C:\ST\STM32CubeIDE_1.3.0\STM32CubeIDE\plugins\com.st.stm32cube.common.mx_5.6.0.202002181639\\db\/mcu/families.xml
2020-12-08 19:58:34,804 [INFO] DbMcusJson:90 - JSON generation date=Thu Nov 05 17:05:07 CET 2020 (1604592307)
2020-12-08 19:58:35,910 [INFO] DbMcus:171 - Found 1670 MCUs (1625 are supported by CubeMX, 1625 are visible in CubeMX)
2020-12-08 19:58:35,910 [INFO] ApiDb:158 - Load user favorites file C:\Users\PC/.stm32cubeide/favorites.mcus.txt: 0 item(s)
2020-12-08 19:58:35,912 [INFO] ApiDb:163 - User favorites MCUs=[]
2020-12-08 19:58:35,912 [INFO] DbMcus:183 - Set 0 / 0 favorites MCUs
2020-12-08 19:58:36,031 [INFO] McuFilterPanel:249 - Update 0 favorites MCUs
2020-12-08 19:58:36,491 [INFO] DbBoardsDocs:131 - JSON generation date=Thu Nov 05 17:05:07 CET 2020 (1604592307)
2020-12-08 19:58:36,526 [INFO] DbBoardsPdsc:92 - Found 22 items
2020-12-08 19:58:36,531 [INFO] DbBoardsPdsc:92 - Found 9 items
2020-12-08 19:58:36,537 [INFO] DbBoardsPdsc:92 - Found 28 items
2020-12-08 19:58:36,540 [INFO] DbBoardsPdsc:92 - Found 1 items
2020-12-08 19:58:36,553 [INFO] DbBoardsPdsc:92 - Found 40 items
2020-12-08 19:58:36,564 [INFO] DbBoardsPdsc:92 - Found 39 items
2020-12-08 19:58:36,567 [INFO] DbBoardsPdsc:92 - Found 2 items
2020-12-08 19:58:36,571 [INFO] DbBoardsPdsc:92 - Found 4 items
2020-12-08 19:58:36,580 [WARN] DbBoardsPdsc:256 - Board STM32H7B3I-DK: unknown feature type=Audio, name=, username=Audio stereo codec with Headphone Amp (CS42L51-CNZ), n=1
2020-12-08 19:58:36,580 [WARN] DbBoardsPdsc:256 - Board STM32H7B3I-DK: unknown feature type=WIFI, name=, username=WIFI 802.11 b/g/n, n=1
2020-12-08 19:58:36,583 [WARN] DbBoardsPdsc:256 - Board STM32H7B3I-EVAL: unknown feature type=Audio, name=, username=Multi-Channel Audio Codec (CS42L51-CNZ), n=1
2020-12-08 19:58:36,583 [WARN] DbBoardsPdsc:256 - Board STM32H7B3I-EVAL: unknown feature type=Meter, name=, username=Power-metering and Temperature-monitoring with sigma-delta modulators, n=1
2020-12-08 19:58:36,584 [WARN] DbBoardsPdsc:256 - Board STM32H7B3I-EVAL: unknown feature type=WIFI, name=, username=WIFI 802.11 a/b/g/n, n=1
2020-12-08 19:58:36,584 [WARN] DbBoardsPdsc:256 - Board STM32H7B3I-EVAL: unknown feature type=Motor, name=, username=Motor Control, n=1
2020-12-08 19:58:36,604 [INFO] DbBoardsJson:80 - JSON generation date=Thu Nov 05 15:55:26 CET 2020 (1604588126)
2020-12-08 19:58:36,617 [INFO] DbBoards:120 - Found 148 boards (142 are supported by CubeMX)
2020-12-08 19:58:36,630 [INFO] DbBoardsDocs:131 - JSON generation date=Thu Nov 05 17:05:07 CET 2020 (1604592307)
2020-12-08 19:58:36,658 [INFO] DbBoardsDocs:70 - Found 190 boards documents
2020-12-08 19:58:36,663 [WARN] DbBoards:130 - board NUCLEO-H743ZI2 has no document id list !
2020-12-08 19:58:36,665 [WARN] DbBoards:130 - board P-NUCLEO-WB55-Nucleo has no document id list !
2020-12-08 19:58:36,666 [WARN] DbBoards:130 - board P-NUCLEO-WB55-USBDongle has no document id list !
2020-12-08 19:58:36,666 [WARN] DbBoards:130 - board NUCLEO-WB35CE has no document id list !
2020-12-08 19:58:36,667 [WARN] DbBoards:130 - board STM32F401C-DISCO has no document id list !
2020-12-08 19:58:36,667 [WARN] DbBoards:130 - board STM32F769I-DISC1 has no document id list !
2020-12-08 19:58:36,668 [WARN] DbBoards:130 - board STM32L-DISCOVERY has no document id list !
2020-12-08 19:58:36,669 [WARN] DbBoards:130 - board STM32H747I-DISC1 has no document id list !
2020-12-08 19:58:36,670 [WARN] DbBoards:130 - board STM32MP157A-DK1 has no document id list !
2020-12-08 19:58:36,671 [WARN] DbBoards:130 - board STM32H743I-EVAL2 has no document id list !
2020-12-08 19:58:36,672 [WARN] DbBoards:130 - board STM32H753I-EVAL2 has no document id list !
2020-12-08 19:58:36,672 [WARN] DbBoards:130 - board STM32G474E-EVAL1 has no document id list !
2020-12-08 19:58:36,673 [WARN] DbBoards:130 - board STEVAL-BFA001V1B has no document id list !
2020-12-08 19:58:36,673 [WARN] DbBoards:130 - board STEVAL-BFA001V2B has no document id list !
2020-12-08 19:58:36,673 [WARN] DbBoards:130 - board STEVAL-MKSBOX1V1 has no document id list !
2020-12-08 19:58:36,674 [WARN] DbBoards:130 - board STEVAL-STWINKT1 has no document id list !
2020-12-08 19:58:36,674 [WARN] DbBoards:130 - board STEVAL-IDP005V1 has no document id list !
2020-12-08 19:58:36,674 [WARN] DbBoards:130 - board STEVAL-IDP005V2 has no document id list !
2020-12-08 19:58:39,779 [ERROR] DbBoards:192 - Image file not found for board B-L4S5I-IOT01A: C:\ST\STM32CubeIDE_1.3.0\STM32CubeIDE\plugins\com.st.stm32cube.common.mx_5.6.0.202002181639\\db\/plugins/mcufinder/images/boards/B-L4S5I-IOT01A_small.jpg
2020-12-08 19:58:39,780 [ERROR] DbBoards:192 - Image file not found for board STM32H735G-DK: C:\ST\STM32CubeIDE_1.3.0\STM32CubeIDE\plugins\com.st.stm32cube.common.mx_5.6.0.202002181639\\db\/plugins/mcufinder/images/boards/STM32H735G_DK_small.jpg
2020-12-08 19:58:39,780 [INFO] ApiDb:158 - Load user favorites file C:\Users\PC/.stm32cubeide/favorites.boards.txt: 0 item(s)
2020-12-08 19:58:39,781 [INFO] ApiDb:163 - User favorites Boards=[]
2020-12-08 19:58:39,781 [INFO] DbBoards:209 - Set 0 / 0 favorites Boards
2020-12-08 19:58:39,792 [INFO] DbBoardsDocs:70 - Found 380 boards documents
2020-12-08 19:58:39,793 [INFO] ApiDb:186 - Save user favorites file C:\Users\PC/.stm32cubeide/favorites.boards.txt: 0 item(s)
2020-12-08 19:58:39,793 [INFO] ApiDb:191 - User favorites Boards=[]
2020-12-08 19:58:39,800 [INFO] DbBoardsPdsc:92 - Found 22 items
2020-12-08 19:58:39,803 [INFO] DbBoardsPdsc:92 - Found 9 items
2020-12-08 19:58:39,808 [INFO] DbBoardsPdsc:92 - Found 28 items
2020-12-08 19:58:39,811 [INFO] DbBoardsPdsc:92 - Found 1 items
2020-12-08 19:58:39,818 [INFO] DbBoardsPdsc:92 - Found 40 items
2020-12-08 19:58:39,827 [INFO] DbBoardsPdsc:92 - Found 39 items
2020-12-08 19:58:39,830 [INFO] DbBoardsPdsc:92 - Found 2 items
2020-12-08 19:58:39,833 [INFO] DbBoardsPdsc:92 - Found 4 items
2020-12-08 19:58:39,837 [WARN] DbBoardsPdsc:256 - Board STM32H7B3I-DK: unknown feature type=Audio, name=, username=Audio stereo codec with Headphone Amp (CS42L51-CNZ), n=1
2020-12-08 19:58:39,837 [WARN] DbBoardsPdsc:256 - Board STM32H7B3I-DK: unknown feature type=WIFI, name=, username=WIFI 802.11 b/g/n, n=1
2020-12-08 19:58:39,840 [WARN] DbBoardsPdsc:256 - Board STM32H7B3I-EVAL: unknown feature type=Audio, name=, username=Multi-Channel Audio Codec (CS42L51-CNZ), n=1
2020-12-08 19:58:39,840 [WARN] DbBoardsPdsc:256 - Board STM32H7B3I-EVAL: unknown feature type=Meter, name=, username=Power-metering and Temperature-monitoring with sigma-delta modulators, n=1
2020-12-08 19:58:39,841 [WARN] DbBoardsPdsc:256 - Board STM32H7B3I-EVAL: unknown feature type=WIFI, name=, username=WIFI 802.11 a/b/g/n, n=1
2020-12-08 19:58:39,841 [WARN] DbBoardsPdsc:256 - Board STM32H7B3I-EVAL: unknown feature type=Motor, name=, username=Motor Control, n=1
2020-12-08 19:58:39,882 [INFO] DbBoardsJson:80 - JSON generation date=Thu Nov 05 15:55:26 CET 2020 (1604588126)
2020-12-08 19:58:39,893 [INFO] DbBoards:120 - Found 148 boards (142 are supported by CubeMX)
2020-12-08 19:58:39,902 [WARN] DbBoards:130 - board NUCLEO-H743ZI2 has no document id list !
2020-12-08 19:58:39,905 [WARN] DbBoards:130 - board P-NUCLEO-WB55-Nucleo has no document id list !
2020-12-08 19:58:39,905 [WARN] DbBoards:130 - board P-NUCLEO-WB55-USBDongle has no document id list !
2020-12-08 19:58:39,905 [WARN] DbBoards:130 - board NUCLEO-WB35CE has no document id list !
2020-12-08 19:58:39,906 [WARN] DbBoards:130 - board STM32F401C-DISCO has no document id list !
2020-12-08 19:58:39,906 [WARN] DbBoards:130 - board STM32F769I-DISC1 has no document id list !
2020-12-08 19:58:39,907 [WARN] DbBoards:130 - board STM32L-DISCOVERY has no document id list !
2020-12-08 19:58:39,907 [WARN] DbBoards:130 - board STM32H747I-DISC1 has no document id list !
2020-12-08 19:58:39,908 [WARN] DbBoards:130 - board STM32MP157A-DK1 has no document id list !
2020-12-08 19:58:39,908 [WARN] DbBoards:130 - board STM32H743I-EVAL2 has no document id list !
2020-12-08 19:58:39,908 [WARN] DbBoards:130 - board STM32H753I-EVAL2 has no document id list !
2020-12-08 19:58:39,909 [WARN] DbBoards:130 - board STM32G474E-EVAL1 has no document id list !
2020-12-08 19:58:39,909 [WARN] DbBoards:130 - board STEVAL-BFA001V1B has no document id list !
2020-12-08 19:58:39,909 [WARN] DbBoards:130 - board STEVAL-BFA001V2B has no document id list !
2020-12-08 19:58:39,909 [WARN] DbBoards:130 - board STEVAL-MKSBOX1V1 has no document id list !
2020-12-08 19:58:39,909 [WARN] DbBoards:130 - board STEVAL-STWINKT1 has no document id list !
2020-12-08 19:58:39,910 [WARN] DbBoards:130 - board STEVAL-IDP005V1 has no document id list !
2020-12-08 19:58:39,910 [WARN] DbBoards:130 - board STEVAL-IDP005V2 has no document id list !
2020-12-08 19:58:41,790 [ERROR] DbBoards:192 - Image file not found for board B-L4S5I-IOT01A: C:\ST\STM32CubeIDE_1.3.0\STM32CubeIDE\plugins\com.st.stm32cube.common.mx_5.6.0.202002181639\\db\/plugins/mcufinder/images/boards/B-L4S5I-IOT01A_small.jpg
2020-12-08 19:58:41,791 [ERROR] DbBoards:192 - Image file not found for board STM32H735G-DK: C:\ST\STM32CubeIDE_1.3.0\STM32CubeIDE\plugins\com.st.stm32cube.common.mx_5.6.0.202002181639\\db\/plugins/mcufinder/images/boards/STM32H735G_DK_small.jpg
2020-12-08 19:58:41,792 [INFO] ApiDb:158 - Load user favorites file C:\Users\PC/.stm32cubeide/favorites.boards.txt: 0 item(s)
2020-12-08 19:58:41,792 [INFO] ApiDb:163 - User favorites Boards=[]
2020-12-08 19:58:41,792 [INFO] DbBoards:209 - Set 0 / 0 favorites Boards
2020-12-08 19:58:42,367 [ERROR] ServerAccessManage:947 - Problem, file not found on Server
2020-12-08 19:58:42,368 [ERROR] ServerAccessManage:517 - Problem, file not found on Server : .
2020-12-08 19:58:42,368 [INFO] LoadUrlFilesThread:161 - End of LoadServerUrlFiles without Thread
2020-12-08 19:58:42,368 [ERROR] MultiScanPanel:745 - Unable to refresh data
2020-12-08 19:58:42,369 [INFO] McuFilterPanel:249 - Update 0 favorites MCUs
2020-12-08 19:58:42,761 [ERROR] ServerAccessManage:947 - Problem, file not found on Server
2020-12-08 19:58:42,762 [ERROR] ServerAccessManage:517 - Problem, file not found on Server : .
2020-12-08 19:58:42,762 [INFO] LoadUrlFilesThread:161 - End of LoadServerUrlFiles without Thread
2020-12-08 19:58:42,763 [WARN] BoardDetailPanel:183 - Failed to get advertising image, set to default
2020-12-08 19:58:42,978 [INFO] ServerAccessManage:348 - Download File mcusAds.json._tmp_
2020-12-08 19:58:42,991 [INFO] LoadUrlFilesThread:134 - End of LoadUrlFiles Thread
2020-12-08 19:58:43,108 [INFO] ServerAccessManage:348 - Download File mcusDocs.json._tmp_
2020-12-08 19:58:43,221 [INFO] LoadUrlFilesThread:134 - End of LoadUrlFiles Thread
2020-12-08 19:58:43,459 [INFO] ServerAccessManage:348 - Download File mcusFeaturesAndDescription.json._tmp_
2020-12-08 19:58:44,624 [INFO] LoadUrlFilesThread:134 - End of LoadUrlFiles Thread
2020-12-08 19:58:44,758 [INFO] ServerAccessManage:348 - Download File boardsDocs.json._tmp_
2020-12-08 19:58:44,838 [INFO] LoadUrlFilesThread:134 - End of LoadUrlFiles Thread
2020-12-08 19:58:44,944 [INFO] ServerAccessManage:348 - Download File boards.json._tmp_
2020-12-08 19:58:45,042 [INFO] LoadUrlFilesThread:134 - End of LoadUrlFiles Thread
2020-12-08 19:58:45,317 [INFO] ServerAccessManage:348 - Download File crdb.zip
2020-12-08 19:58:45,727 [INFO] FileExtend:225 - Unzip File : crdb.zip
2020-12-08 19:58:45,730 [INFO] FileExtend:240 - Standard Zip Deflate
2020-12-08 19:58:45,859 [INFO] LoadUrlFilesThread:134 - End of LoadUrlFiles Thread
2020-12-08 19:58:45,861 [INFO] DbMcusAds:143 - JSON generation date=Wed Oct 21 15:42:18 CEST 2020 (1603287738)
2020-12-08 19:58:45,870 [INFO] DbMcusDocs:142 - JSON generation date=Thu Nov 05 17:05:07 CET 2020 (1604592307)
2020-12-08 19:58:46,068 [INFO] DbMcusDocs:77 - Found 601 MCUs documents
2020-12-08 19:58:46,071 [INFO] ApiDb:186 - Save user favorites file C:\Users\PC/.stm32cubeide/favorites.mcus.txt: 0 item(s)
2020-12-08 19:58:46,071 [INFO] ApiDb:191 - User favorites MCUs=[]
2020-12-08 19:58:46,071 [INFO] DbMcusXml:110 - Load MCU database from C:\ST\STM32CubeIDE_1.3.0\STM32CubeIDE\plugins\com.st.stm32cube.common.mx_5.6.0.202002181639\\db\/mcu/families.xml
2020-12-08 19:58:46,471 [INFO] DbMcusJson:90 - JSON generation date=Thu Nov 05 17:05:07 CET 2020 (1604592307)
2020-12-08 19:58:47,268 [INFO] DbMcus:171 - Found 1670 MCUs (1625 are supported by CubeMX, 1625 are visible in CubeMX)
2020-12-08 19:58:47,269 [INFO] ApiDb:158 - Load user favorites file C:\Users\PC/.stm32cubeide/favorites.mcus.txt: 0 item(s)
2020-12-08 19:58:47,269 [INFO] ApiDb:163 - User favorites MCUs=[]
2020-12-08 19:58:47,269 [INFO] DbMcus:183 - Set 0 / 0 favorites MCUs
2020-12-08 19:58:47,315 [INFO] McuFilterPanel:249 - Update 0 favorites MCUs
2020-12-08 19:58:47,567 [INFO] DbBoardsDocs:131 - JSON generation date=Thu Nov 05 17:05:07 CET 2020 (1604592307)
2020-12-08 19:58:47,577 [INFO] DbBoardsDocs:70 - Found 190 boards documents
2020-12-08 19:58:47,580 [INFO] ApiDb:186 - Save user favorites file C:\Users\PC/.stm32cubeide/favorites.boards.txt: 0 item(s)
2020-12-08 19:58:47,580 [INFO] ApiDb:191 - User favorites Boards=[]
2020-12-08 19:58:47,587 [INFO] DbBoardsPdsc:92 - Found 22 items
2020-12-08 19:58:47,593 [INFO] DbBoardsPdsc:92 - Found 9 items
2020-12-08 19:58:47,600 [INFO] DbBoardsPdsc:92 - Found 28 items
2020-12-08 19:58:47,603 [INFO] DbBoardsPdsc:92 - Found 1 items
2020-12-08 19:58:47,617 [INFO] DbBoardsPdsc:92 - Found 40 items
2020-12-08 19:58:47,631 [INFO] DbBoardsPdsc:92 - Found 39 items
2020-12-08 19:58:47,642 [INFO] DbBoardsPdsc:92 - Found 2 items
2020-12-08 19:58:47,644 [INFO] DbBoardsPdsc:92 - Found 4 items
2020-12-08 19:58:47,648 [WARN] DbBoardsPdsc:256 - Board STM32H7B3I-DK: unknown feature type=Audio, name=, username=Audio stereo codec with Headphone Amp (CS42L51-CNZ), n=1
2020-12-08 19:58:47,648 [WARN] DbBoardsPdsc:256 - Board STM32H7B3I-DK: unknown feature type=WIFI, name=, username=WIFI 802.11 b/g/n, n=1
2020-12-08 19:58:47,653 [WARN] DbBoardsPdsc:256 - Board STM32H7B3I-EVAL: unknown feature type=Audio, name=, username=Multi-Channel Audio Codec (CS42L51-CNZ), n=1
2020-12-08 19:58:47,653 [WARN] DbBoardsPdsc:256 - Board STM32H7B3I-EVAL: unknown feature type=Meter, name=, username=Power-metering and Temperature-monitoring with sigma-delta modulators, n=1
2020-12-08 19:58:47,654 [WARN] DbBoardsPdsc:256 - Board STM32H7B3I-EVAL: unknown feature type=WIFI, name=, username=WIFI 802.11 a/b/g/n, n=1
2020-12-08 19:58:47,654 [WARN] DbBoardsPdsc:256 - Board STM32H7B3I-EVAL: unknown feature type=Motor, name=, username=Motor Control, n=1
2020-12-08 19:58:47,674 [INFO] DbBoardsJson:80 - JSON generation date=Thu Nov 05 15:55:26 CET 2020 (1604588126)
2020-12-08 19:58:47,685 [INFO] DbBoards:120 - Found 148 boards (142 are supported by CubeMX)
2020-12-08 19:58:47,686 [WARN] DbBoards:130 - board NUCLEO-H743ZI2 has no document id list !
2020-12-08 19:58:47,687 [WARN] DbBoards:130 - board P-NUCLEO-WB55-Nucleo has no document id list !
2020-12-08 19:58:47,687 [WARN] DbBoards:130 - board P-NUCLEO-WB55-USBDongle has no document id list !
2020-12-08 19:58:47,687 [WARN] DbBoards:130 - board NUCLEO-WB35CE has no document id list !
2020-12-08 19:58:47,687 [WARN] DbBoards:130 - board STM32F401C-DISCO has no document id list !
2020-12-08 19:58:47,687 [WARN] DbBoards:130 - board STM32F769I-DISC1 has no document id list !
2020-12-08 19:58:47,688 [WARN] DbBoards:130 - board STM32L-DISCOVERY has no document id list !
2020-12-08 19:58:47,689 [WARN] DbBoards:130 - board STM32H747I-DISC1 has no document id list !
2020-12-08 19:58:47,689 [WARN] DbBoards:130 - board STM32MP157A-DK1 has no document id list !
2020-12-08 19:58:47,690 [WARN] DbBoards:130 - board STM32H743I-EVAL2 has no document id list !
2020-12-08 19:58:47,690 [WARN] DbBoards:130 - board STM32H753I-EVAL2 has no document id list !
2020-12-08 19:58:47,690 [WARN] DbBoards:130 - board STM32G474E-EVAL1 has no document id list !
2020-12-08 19:58:47,690 [WARN] DbBoards:130 - board STEVAL-BFA001V1B has no document id list !
2020-12-08 19:58:47,691 [WARN] DbBoards:130 - board STEVAL-BFA001V2B has no document id list !
2020-12-08 19:58:47,691 [WARN] DbBoards:130 - board STEVAL-MKSBOX1V1 has no document id list !
2020-12-08 19:58:47,691 [WARN] DbBoards:130 - board STEVAL-STWINKT1 has no document id list !
2020-12-08 19:58:47,691 [WARN] DbBoards:130 - board STEVAL-IDP005V1 has no document id list !
2020-12-08 19:58:47,691 [WARN] DbBoards:130 - board STEVAL-IDP005V2 has no document id list !
2020-12-08 19:58:48,675 [ERROR] DbBoards:192 - Image file not found for board B-L4S5I-IOT01A: C:\ST\STM32CubeIDE_1.3.0\STM32CubeIDE\plugins\com.st.stm32cube.common.mx_5.6.0.202002181639\\db\/plugins/mcufinder/images/boards/B-L4S5I-IOT01A_small.jpg
2020-12-08 19:58:48,675 [ERROR] DbBoards:192 - Image file not found for board STM32H735G-DK: C:\ST\STM32CubeIDE_1.3.0\STM32CubeIDE\plugins\com.st.stm32cube.common.mx_5.6.0.202002181639\\db\/plugins/mcufinder/images/boards/STM32H735G_DK_small.jpg
2020-12-08 19:58:48,675 [INFO] ApiDb:158 - Load user favorites file C:\Users\PC/.stm32cubeide/favorites.boards.txt: 0 item(s)
2020-12-08 19:58:48,675 [INFO] ApiDb:163 - User favorites Boards=[]
2020-12-08 19:58:48,676 [INFO] DbBoards:209 - Set 0 / 0 favorites Boards
2020-12-08 19:58:48,680 [INFO] BoardFilterPanel:211 - Update 0 favorites Boards
2020-12-08 19:58:48,973 [ERROR] ServerAccessManage:947 - Problem, file not found on Server
2020-12-08 19:58:48,974 [ERROR] ServerAccessManage:517 - Problem, file not found on Server : .
2020-12-08 19:58:48,974 [INFO] LoadUrlFilesThread:161 - End of LoadServerUrlFiles without Thread
2020-12-08 19:58:48,974 [ERROR] MultiScanPanel:745 - Unable to refresh data
2020-12-08 19:58:48,974 [INFO] BoardFilterPanel:211 - Update 0 favorites Boards
2020-12-08 19:58:49,108 [INFO] CrossSelectorPresenter:1319 - Cross Selector saved comparison directory: C:\Users\PC\.stmcufinder\plugins\mcufinder\mcu\cs_comparisons_mx
2020-12-08 20:01:03,987 [INFO] LogOutputStream:76 - [STDOUT_REDIRECT] withoutVersionV1.8.3
2020-12-08 20:01:03,989 [INFO] LogOutputStream:76 - [STDOUT_REDIRECT] withoutVersionV1.8.2
2020-12-08 20:01:03,990 [INFO] LogOutputStream:76 - [STDOUT_REDIRECT] withoutVersionV1.8.1
2020-12-08 20:01:03,991 [INFO] LogOutputStream:76 - [STDOUT_REDIRECT] withoutVersionV1.8.0
2020-12-08 20:01:08,649 [INFO] LogOutputStream:76 - [STDOUT_REDIRECT] File copied successfully!!
2020-12-08 20:01:12,627 [INFO] MainUpdater:2230 - connection check result : 10
2020-12-08 20:01:12,701 [INFO] MicroXplorer:390 - Change Database Path : 
2020-12-08 20:01:12,702 [INFO] MicroXplorer:420 - Change Database Version : DB.5.0.60
2020-12-08 20:01:12,705 [INFO] PinOutPanel:1420 - setPackage(No Configuration,No Configuration)
2020-12-08 20:01:12,706 [INFO] UtilMem:74 - Begin LoadConfig() Used Memory: 581003944 Bytes (842006528)
2020-12-08 20:01:12,707 [INFO] OpenFileManager:274 - Change cursor
2020-12-08 20:01:14,649 [INFO] Rule:211 - rule SPDIFRX instance for mcu is applicable
2020-12-08 20:01:14,649 [INFO] Rule:211 - rule Rename Tracer Mode is applicable
2020-12-08 20:01:14,650 [INFO] Rule:211 - rule SPDIFRX instance value for IP SPDIFRX is applicable
2020-12-08 20:01:14,650 [INFO] Rule:211 - rule SPDIFRX instance for signal is applicable
2020-12-08 20:01:14,650 [INFO] Rule:211 - rule SPDIFRX instance for project manager is applicable
2020-12-08 20:01:14,650 [INFO] Rule:211 - rule SPDIFRX instance for project manager is applicable
2020-12-08 20:01:14,650 [INFO] Rule:211 - rule ADC Scan  fix with FW F7 is applicable
2020-12-08 20:01:14,651 [INFO] Rule:211 - rule ADC Scan  fix with FW F7 is applicable
2020-12-08 20:01:14,651 [INFO] Rule:211 - rule UART/USART WORD LENGTH 7 is applicable
2020-12-08 20:01:14,652 [INFO] Rule:211 - rule UART/USART WORD LENGTH 8 is applicable
2020-12-08 20:01:14,652 [INFO] Rule:211 - rule UART/USART WORD LENGTH 9 is applicable
2020-12-08 20:01:14,652 [INFO] Rule:211 - rule ADC SamplingTime fix with FW L0  is applicable
2020-12-08 20:01:14,652 [INFO] Rule:211 - rule ADC SamplingTime fix with FW L0  is applicable
2020-12-08 20:01:14,653 [INFO] Rule:211 - rule ADC SamplingTime fix with FW L0 is applicable
2020-12-08 20:01:14,653 [INFO] Rule:211 - rule ADC SamplingTime fix with FW L0 is applicable
2020-12-08 20:01:14,653 [INFO] Rule:211 - rule ADC SamplingTime fix with FW L0  is applicable
2020-12-08 20:01:14,653 [INFO] Rule:211 - rule ADC SamplingTime fix with FW L0 is applicable
2020-12-08 20:01:14,653 [INFO] Rule:211 - rule Rename USB_OE Signal is applicable
2020-12-08 20:01:14,653 [INFO] Rule:211 - rule Rename Activate_OE Mode is applicable
2020-12-08 20:01:14,654 [INFO] Rule:211 - rule Rename DIE462/DIE415 pin PC14/OSC32_IN -> PC14-OSC32_IN (PC14) is applicable
2020-12-08 20:01:14,654 [INFO] Rule:211 - rule Rename DIE462/DIE415 pin PC15/OSC32_OUT -> PC15-OSC32_OUT (PC15) is applicable
2020-12-08 20:01:14,654 [INFO] Rule:211 - rule Rename DIE462/DIE415 pin PH0/OSC_IN -> PH0-OSC_IN (PH0) is applicable
2020-12-08 20:01:14,654 [INFO] Rule:211 - rule Rename DIE462/DIE415 pin PH1/OSC_OUT -> PH1-OSC_OUT (PH1) is applicable
2020-12-08 20:01:14,654 [INFO] Rule:211 - rule Rename DIE462 pin PA13 -> PA13 (JTMS/SWDIO) is applicable
2020-12-08 20:01:14,654 [INFO] Rule:211 - rule Rename DIE415 pin PA13 -> PA13 (JTMS/SWDIO) is applicable
2020-12-08 20:01:14,654 [INFO] Rule:211 - rule Rename DIE462 pin PA14 -> PA14 (JTCK/SWCLK) is applicable
2020-12-08 20:01:14,655 [INFO] Rule:211 - rule Rename DIE415 pin PA14 -> PA14 (JTCK/SWCLK) is applicable
2020-12-08 20:01:14,655 [INFO] Rule:211 - rule Rename DIE462/DIE415 pin PA15 -> PA15 (JTDI) is applicable
2020-12-08 20:01:14,655 [INFO] Rule:211 - rule Rename DIE462 pin PB3 -> PB3 (JTD0/TRACESWO) is applicable
2020-12-08 20:01:14,655 [INFO] Rule:211 - rule Rename DIE415 pin PB3 -> PB3 (JTD0-TRACESWO) is applicable
2020-12-08 20:01:14,655 [INFO] Rule:211 - rule Rename DIE462/DIE415 pin PB4 -> PB4 (NJTRST) is applicable
2020-12-08 20:01:14,655 [INFO] Rule:211 - rule Rename DIE462 pin PH3/BOOT0 -> PH3-BOOT0 (BOOT0) is applicable
2020-12-08 20:01:14,656 [INFO] Rule:211 - rule Rename CRYP DataEncryptionTypesList to Algorithm is applicable
2020-12-08 20:01:14,656 [INFO] Rule:211 - rule Rename AES DataEncryptionTypesList to Algorithm is applicable
2020-12-08 20:01:14,656 [INFO] Rule:211 - rule Rename TDESECB to CRYP_TDES_ECB is applicable
2020-12-08 20:01:14,656 [INFO] Rule:211 - rule Rename TDESCBC to CRYP_TDES_CBC is applicable
2020-12-08 20:01:14,656 [INFO] Rule:211 - rule Rename DESECB to CRYP_DES_ECB is applicable
2020-12-08 20:01:14,656 [INFO] Rule:211 - rule Rename DESCBC to CRYP_DES_CBC is applicable
2020-12-08 20:01:14,656 [INFO] Rule:211 - rule Rename AESECB to CRYP_AES_ECB is applicable
2020-12-08 20:01:14,657 [INFO] Rule:211 - rule Rename AESCBC to CRYP_AES_CBC is applicable
2020-12-08 20:01:14,657 [INFO] Rule:211 - rule Rename AESCTR to CRYP_AES_CTR is applicable
2020-12-08 20:01:14,657 [INFO] Rule:211 - rule Rename AESGCM to CRYP_AES_GCM is applicable
2020-12-08 20:01:14,657 [INFO] Rule:211 - rule Rename AESCCM to CRYP_AES_CCM is applicable
2020-12-08 20:01:14,657 [INFO] Rule:211 - rule Rename CAN TimeSeg1 to BS1 is applicable
2020-12-08 20:01:14,657 [INFO] Rule:211 - rule Rename CAN TimeSeg2 to BS2 is applicable
2020-12-08 20:01:14,657 [INFO] Rule:211 - rule Rename CAN SyncJumpWidth to SJW is applicable
2020-12-08 20:01:14,658 [INFO] Rule:211 - rule TimeTriggeredMode to TTCM is applicable
2020-12-08 20:01:14,658 [INFO] Rule:211 - rule Rename CAN AutoBusOff to ABOM is applicable
2020-12-08 20:01:14,658 [INFO] Rule:211 - rule Rename CAN AutoWakeUp to AWUM is applicable
2020-12-08 20:01:14,658 [INFO] Rule:211 - rule Rename CAN AutoRetransmission to NART is applicable
2020-12-08 20:01:14,658 [INFO] Rule:211 - rule Rename CAN ReceiveFifoLocked to RFLM is applicable
2020-12-08 20:01:14,658 [INFO] Rule:211 - rule Rename CAN TransmitFifoPriority to TXFP is applicable
2020-12-08 20:01:14,659 [INFO] Rule:211 - rule Rename HRTIMER HRTIM_OUTPUTFAULTLEVEL_HIGH in HRTIMER HRTIM_OUTPUTFAULTLEVEL_HIGHZ is applicable
2020-12-08 20:01:14,659 [INFO] Rule:211 - rule Rename TIMER TIM_CLEARINPUTSOURCE_OCREFCLR in  TIMER TIM_CLEARINPUTSOURCE_NONE for F7 family is applicable
2020-12-08 20:01:14,659 [INFO] Rule:211 - rule FDCAN_R1 - Rename FDCAN mode Master into Classic is applicable
2020-12-08 20:01:14,659 [INFO] Rule:211 - rule FDCAN_R2 - Rename FDCAN mode Slave into Classic is applicable
2020-12-08 20:01:14,659 [INFO] Rule:211 - rule FDCAN1_R3 - if PA10.Mode=FullDuplex, add Pin PA12 is applicable
2020-12-08 20:01:14,659 [INFO] Rule:211 - rule FDCAN1_R3 - if PA9.Mode=FullDuplex, add Pin PA11 is applicable
2020-12-08 20:01:14,660 [INFO] Rule:211 - rule FDCAN1_R3 - Alternatepin_1 - if PE1.Mode=FullDuplex, add Pin PB9 is applicable
2020-12-08 20:01:14,660 [INFO] Rule:211 - rule FDCAN1_R3 - Alternatepin_1 - if PE0.Mode=FullDuplex, add Pin PB8 is applicable
2020-12-08 20:01:14,660 [INFO] Rule:211 - rule FDCAN1_R3 - Alternatepin_2 - if PD5.Mode=FullDuplex, add Pin PD1 is applicable
2020-12-08 20:01:14,660 [INFO] Rule:211 - rule FDCAN1_R3 - Alternatepin_2 - if PD4.Mode=FullDuplex, add Pin PD0 is applicable
2020-12-08 20:01:14,660 [INFO] Rule:211 - rule FDCAN1_R4 - Rename Mode FullDuplex into Enable FDCAN_TXFD for pin PA10 is applicable
2020-12-08 20:01:14,660 [INFO] Rule:211 - rule FDCAN1_R4 - Rename Mode FullDuplex into Enable FDCAN_TXFD for pin PA9 is applicable
2020-12-08 20:01:14,660 [INFO] Rule:211 - rule FDCAN1_R4 - Alternatepin_1 - Rename Mode FullDuplex into Enable FDCAN_TXFD for pin PE1 is applicable
2020-12-08 20:01:14,660 [INFO] Rule:211 - rule FDCAN1_R4 - Alternatepin_1 - Rename Mode FullDuplex into Enable FDCAN_TXFD for pin PE0 is applicable
2020-12-08 20:01:14,661 [INFO] Rule:211 - rule FDCAN1_R4 - Alternatepin_2 - Rename Mode FullDuplex into Enable FDCAN_TXFD for pin PD5 is applicable
2020-12-08 20:01:14,661 [INFO] Rule:211 - rule FDCAN1_R4 - Alternatepin_2 - Rename Mode FullDuplex into Enable FDCAN_TXFD for pin PD4 is applicable
2020-12-08 20:01:14,661 [INFO] Rule:211 - rule FDCAN2_R3 - if PD10.Mode=FullDuplex, add Pin PB13 is applicable
2020-12-08 20:01:14,661 [INFO] Rule:211 - rule FDCAN2_R3 - if PD9.Mode=FullDuplex, add Pin PB12 is applicable
2020-12-08 20:01:14,661 [INFO] Rule:211 - rule FDCAN2_R3 - Alternatepin_1 - if PB7.Mode=FullDuplex, add Pin PB6 is applicable
2020-12-08 20:01:14,661 [INFO] Rule:211 - rule FDCAN2_R3 - Alternatepin_1 - if PD9.Mode=FullDuplex, add Pin PB12 is applicable
2020-12-08 20:01:14,661 [INFO] Rule:211 - rule FDCAN2_R4 - Rename Mode FullDuplex into Enable FDCAN_TXFD for pin PD10 is applicable
2020-12-08 20:01:14,661 [INFO] Rule:211 - rule FDCAN2_R4 - Rename Mode FullDuplex into Enable FDCAN_TXFD for pin PD9 is applicable
2020-12-08 20:01:14,662 [INFO] Rule:211 - rule FDCAN2_R4 - Alternatepin_1 - Rename Mode FullDuplex into Enable FDCAN_TXFD for pin PB7 is applicable
2020-12-08 20:01:14,662 [INFO] Rule:211 - rule FDCAN2_R4 - Alternatepin_1 - Rename Mode FullDuplex into Enable FDCAN_TXFD for pin PD6 is applicable
2020-12-08 20:01:14,662 [INFO] Rule:211 - rule USART TxPinLevelInvertParam Mode is applicable
2020-12-08 20:01:14,662 [INFO] Rule:211 - rule USART RxPinLevelInvertParam Mode is applicable
2020-12-08 20:01:14,662 [INFO] Rule:211 - rule USART DataInvertParam Mode is applicable
2020-12-08 20:01:14,663 [INFO] Rule:211 - rule USART SwapParam Mode is applicable
2020-12-08 20:01:14,663 [INFO] Rule:211 - rule USART OverrunDisableParam Mode is applicable
2020-12-08 20:01:14,663 [INFO] Rule:211 - rule USART DMADisableonRxErrorParam Mode is applicable
2020-12-08 20:01:14,663 [INFO] Rule:211 - rule USART MSBFirstParam Mode is applicable
2020-12-08 20:01:14,663 [INFO] Rule:211 - rule Update MwName for USB_DEVICE is applicable
2020-12-08 20:01:14,663 [INFO] Rule:211 - rule Change PWR_Regulator_Voltage_Scale Default Value for RCC  H7 family is applicable
2020-12-08 20:01:14,663 [INFO] Rule:211 - rule UART/USART IPParameter rename Prescaler parameter to ClockPrescaler is applicable
2020-12-08 20:01:14,664 [INFO] Rule:211 - rule UART/USART Prescaler rename Prescaler parameter to ClockPrescaler is applicable
2020-12-08 20:01:14,664 [INFO] Rule:211 - rule TIM1CLockSelection is applicable
2020-12-08 20:01:14,664 [INFO] Rule:211 - rule TIM15CLockSelection is applicable
2020-12-08 20:01:14,664 [INFO] Rule:211 - rule align RCC SDMMC3CLockSelection default value on MP1 is applicable
2020-12-08 20:01:14,664 [INFO] Rule:211 - rule align RCC SDMMC12CLockSelection default value on MP1 is applicable
2020-12-08 20:01:14,664 [INFO] Rule:211 - rule align RCC QSPICLockSelection default value on MP1 is applicable
2020-12-08 20:01:14,665 [INFO] Rule:211 - rule align RCC QSPICLockSelection default value on MP1 is applicable
2020-12-08 20:01:14,665 [INFO] Rule:211 - rule align RCC SPI6CLockSelection default value on MP1 is applicable
2020-12-08 20:01:14,665 [INFO] Rule:211 - rule align RCC LPTIM23CLockSelection default value on MP1 is applicable
2020-12-08 20:01:14,665 [INFO] Rule:211 - rule align RCC LPTIM1CLockSelection default value on MP1 is applicable
2020-12-08 20:01:14,665 [INFO] Rule:211 - rule align RCC USART1CLockSelection default value on MP1 is applicable
2020-12-08 20:01:14,665 [INFO] Rule:211 - rule align RCC USART24CLockSelection default value on MP1 is applicable
2020-12-08 20:01:14,665 [INFO] Rule:211 - rule align RCC USART6CLockSelection default value on MP1 is applicable
2020-12-08 20:01:14,666 [INFO] Rule:211 - rule align RCC UART78CLockSelection default value on MP1 is applicable
2020-12-08 20:01:14,666 [INFO] Rule:211 - rule align RCC USART35CLockSelection default value on MP1 is applicable
2020-12-08 20:01:14,666 [INFO] Rule:211 - rule align RCC SPI45CLockSelection default value on MP1 is applicable
2020-12-08 20:01:14,666 [INFO] Rule:211 - rule align RCC I2C46CLockSelection BCLK value on MP1 is applicable
2020-12-08 20:01:14,666 [INFO] Rule:211 - rule align RCC SPI45CLockSelection default value on MP1 is applicable
2020-12-08 20:01:14,666 [INFO] Rule:211 - rule align RCC I2C12CLockSelection default value on MP1 is applicable
2020-12-08 20:01:14,667 [INFO] Rule:211 - rule align RCC I2C35CLockSelection default value on MP1 is applicable
2020-12-08 20:01:14,667 [INFO] Rule:211 - rule align RCC LPTIM45CLockSelection default value on MP1 is applicable
2020-12-08 20:01:14,667 [INFO] Rule:211 - rule Rename DCMI PIXCK signal is applicable
2020-12-08 20:01:14,667 [INFO] Rule:211 - rule Change Default Value for I2C46CLockSelection MP1 family is applicable
2020-12-08 20:01:14,667 [INFO] Rule:211 - rule Change Default Value for UART for G4, G0 and WB families is applicable
2020-12-08 20:01:14,667 [INFO] Rule:211 - rule Change Default Value for USART for G4, G0 and WB families is applicable
2020-12-08 20:01:14,667 [INFO] Rule:211 - rule Change Default Value for USART for G4 family is applicable
2020-12-08 20:01:14,668 [INFO] Rule:211 - rule Change USART1CLockSelection refparam name for MP1 is applicable
2020-12-08 20:01:14,668 [INFO] Rule:211 - rule Change USART2CLockSelection refparam name for MP1 is applicable
2020-12-08 20:01:14,668 [INFO] Rule:211 - rule Change USART3CLockSelection refparam name for MP1 is applicable
2020-12-08 20:01:14,668 [INFO] Rule:211 - rule Change UART4CLockSelection refparam name for MP1 is applicable
2020-12-08 20:01:14,668 [INFO] Rule:211 - rule Change UART5CLockSelection refparam name for MP1 is applicable
2020-12-08 20:01:14,668 [INFO] Rule:211 - rule Change LPUART1CLockSelection refparam name for MP1 is applicable
2020-12-08 20:01:14,669 [INFO] Rule:211 - rule Change LPTIM1CLockSelection refparam name for MP1 is applicable
2020-12-08 20:01:14,669 [INFO] Rule:211 - rule Change LPTIM2CLockSelection refparam name for MP1 is applicable
2020-12-08 20:01:14,669 [INFO] Rule:211 - rule Change RCC_MCO1Source refparam name for MP1 is applicable
2020-12-08 20:01:14,669 [INFO] Rule:211 - rule Change LSCOSource1 refparam name for MP1 is applicable
2020-12-08 20:01:14,669 [INFO] Rule:211 - rule Change SMPSCLockSelection refparam name for MP1 is applicable
2020-12-08 20:01:14,670 [INFO] Rule:211 - rule Change LPTIM3CLockSelection refparam name for MP1 is applicable
2020-12-08 20:01:14,670 [INFO] Rule:211 - rule Change MPCBB* Default Template Mode to Parameters is applicable
2020-12-08 20:01:14,670 [INFO] Rule:211 - rule Change MPCWM* or MPCBB* Secure Mode to Parameters is applicable
2020-12-08 20:01:14,670 [INFO] Rule:211 - rule Change MPCWM* or MPCBB* No Secure Mode to Parameters is applicable
2020-12-08 20:01:14,670 [INFO] Rule:211 - rule Change TZSC IP Secure Mode to Parameters is applicable
2020-12-08 20:01:14,671 [INFO] Rule:211 - rule Change TZSC IP No Secure Mode to Parameters is applicable
2020-12-08 20:01:14,671 [INFO] Rule:211 - rule Change TZSC IP Privilege Mode to Parameters is applicable
2020-12-08 20:01:14,671 [INFO] Rule:211 - rule Change TZSC IP No Privilege Mode to Parameters is applicable
2020-12-08 20:01:14,671 [INFO] Rule:211 - rule Change TZIC IT Secure Mode to Parameters is applicable
2020-12-08 20:01:14,671 [INFO] Rule:211 - rule Change TZIC IT No Secure Mode to Parameters is applicable
2020-12-08 20:01:14,671 [INFO] Rule:211 - rule Add MPCBB1_NonSecureArea_Start_Address value with referenced to MPCBB1_NonSecureArea_Start value is applicable
2020-12-08 20:01:14,672 [INFO] Rule:211 - rule Add MPCBB2_NonSecureArea_Start_Address value with referenced to MPCBB2_NonSecureArea_Start value is applicable
2020-12-08 20:01:14,672 [INFO] Rule:211 - rule Add MPCWM1_NonSecureArea*_Start_Address value with referenced to MPCWM1_NonSecureArea*_Start value is applicable
2020-12-08 20:01:14,672 [INFO] Rule:211 - rule Add MPCWM2_NonSecureArea*_Start_Address value with referenced to MPCWM2_NonSecureArea*_Start value is applicable
2020-12-08 20:01:14,672 [INFO] Rule:211 - rule Add MPCWM3_NonSecureArea_Start_Address value with referenced to MPCWM3_NonSecureArea_Start value is applicable
2020-12-08 20:01:14,672 [INFO] Rule:211 - rule Change Default Value for PLL1UserDefinedConfig is applicable
2020-12-08 20:01:14,672 [INFO] Rule:211 - rule Change GPIO_PuPd Default Value for USART in async mode is applicable
2020-12-08 20:01:14,673 [INFO] Rule:211 - rule Change SMPSDivider Default Value is applicable
2020-12-08 20:01:14,683 [INFO] DbConfProperties:294 - Apply Compatibility (21/141 Rules)
2020-12-08 20:01:14,713 [INFO] ImportTextPane:162 - (OptionalMessage_ERROR) Unable to find key (Mcu.ThirdPartyNb) in loaded IOC file
2020-12-08 20:01:14,770 [INFO] ImportTextPane:162 - (OptionalMessage_ERROR) IP (RCC) : Parameter (ADCFreqValue) has invalid value (32000000)
2020-12-08 20:01:14,770 [INFO] ImportTextPane:162 - (OptionalMessage_ERROR) IP (RCC) : Invalid parameter (FamilyName)
2020-12-08 20:01:14,771 [INFO] ImportTextPane:162 - (OptionalMessage_ERROR) IP (RCC) : Parameter (MCOFreq_Value) has invalid value (64000000)
2020-12-08 20:01:14,772 [INFO] ImportTextPane:162 - (OptionalMessage_ERROR) IP (RCC) : Parameter (USBFreq_Value) has invalid value (64000000)
2020-12-08 20:01:15,075 [INFO] UtilMem:74 - End LoadConfig() Used Memory: 682632856 Bytes (842006528)
2020-12-08 20:01:15,106 [INFO] ThirdPartyDb:295 - Open Third Party DataBase File (C:/Users/PC/.stm32cubemx/plugins/thirdparty/db/thirdparties_db.xml) : 14 ms. number of Sw pack : 30
2020-12-08 20:01:15,131 [INFO] DependencyParser:785 - This component is not compatible with the current MCU : [1585598307202]
2020-12-08 20:01:15,132 [INFO] ThirdPartyModel:521 - Component with status : MCU_INCOMPATIBLE for condition : OS Tick GTIM id : 1585598306529
2020-12-08 20:01:15,133 [INFO] DependencyParser:785 - This component is not compatible with the current MCU : [1585598309778, 1585598307285]
2020-12-08 20:01:15,518 [INFO] ThirdParty:899 - CMSIS Pack Vendor :STMicroelectronics X-CUBE-BLE1 5.0.0
2020-12-08 20:01:15,518 [INFO] ThirdParty:899 - CMSIS Pack Vendor :STMicroelectronics X-CUBE-SUBG2 1.1.0
2020-12-08 20:01:15,518 [INFO] ThirdParty:899 - CMSIS Pack Vendor :STMicroelectronics X-CUBE-GNSS1 4.1.0
2020-12-08 20:01:15,518 [INFO] ThirdParty:899 - CMSIS Pack Vendor :ARM CMSIS 5.6.0
2020-12-08 20:01:15,518 [INFO] ThirdParty:899 - CMSIS Pack Vendor :STMicroelectronics X-CUBE-MEMS1 8.1.1
2020-12-08 20:01:15,519 [INFO] ThirdParty:899 - CMSIS Pack Vendor :STMicroelectronics X-CUBE-MEMS1 8.2.0
2020-12-08 20:01:15,519 [INFO] ThirdParty:899 - CMSIS Pack Vendor :STMicroelectronics X-CUBE-EEPRMA1 3.0.0
2020-12-08 20:01:15,519 [INFO] ThirdParty:899 - CMSIS Pack Vendor :STMicroelectronics X-CUBE-SUBG2 3.0.0
2020-12-08 20:01:15,519 [INFO] ThirdParty:899 - CMSIS Pack Vendor :STMicroelectronics X-CUBE-ALGOBUILD 1.0.0
2020-12-08 20:01:15,519 [INFO] ThirdParty:899 - CMSIS Pack Vendor :STMicroelectronics X-CUBE-BLE2 2.0.0
2020-12-08 20:01:15,519 [INFO] ThirdParty:899 - CMSIS Pack Vendor :STMicroelectronics X-CUBE-ALGOBUILD 1.1.0
2020-12-08 20:01:15,519 [INFO] ThirdParty:899 - CMSIS Pack Vendor :STMicroelectronics X-CUBE-GNSS1 5.0.0
2020-12-08 20:01:15,519 [INFO] ThirdParty:899 - CMSIS Pack Vendor :STMicroelectronics X-CUBE-GNSS1 5.1.0
2020-12-08 20:01:15,519 [INFO] ThirdParty:899 - CMSIS Pack Vendor :STMicroelectronics X-CUBE-SUBG2 2.0.0
2020-12-08 20:01:15,519 [INFO] ThirdParty:899 - CMSIS Pack Vendor :STMicroelectronics X-CUBE-BLE1 6.0.0
2020-12-08 20:01:15,519 [INFO] ThirdParty:899 - CMSIS Pack Vendor :STMicroelectronics X-CUBE-BLE1 6.1.0
2020-12-08 20:01:15,519 [INFO] ThirdParty:899 - CMSIS Pack Vendor :STMicroelectronics X-CUBE-SFXS2LP1 2.0.0
2020-12-08 20:01:15,520 [INFO] ThirdParty:899 - CMSIS Pack Vendor :STMicroelectronics X-CUBE-NFC4 1.5.2
2020-12-08 20:01:15,520 [INFO] ThirdParty:899 - CMSIS Pack Vendor :STMicroelectronics X-CUBE-MEMS1 7.1.0
2020-12-08 20:01:15,520 [INFO] ThirdParty:899 - CMSIS Pack Vendor :STMicroelectronics X-CUBE-NFC4 2.0.1
2020-12-08 20:01:15,520 [INFO] ThirdParty:899 - CMSIS Pack Vendor :STMicroelectronics X-CUBE-NFC4 2.0.0
2020-12-08 20:01:15,520 [INFO] ThirdParty:899 - CMSIS Pack Vendor :STMicroelectronics X-CUBE-BLE2 3.1.0
2020-12-08 20:01:15,520 [INFO] ThirdParty:899 - CMSIS Pack Vendor :STMicroelectronics X-CUBE-BLE2 1.0.0
2020-12-08 20:01:15,773 [INFO] PinOutPanel:1420 - setPackage(No Configuration,No Configuration)
2020-12-08 20:01:15,776 [INFO] PinOutPanel:1420 - setPackage(STM32F103RBTx,LQFP64)
2020-12-08 20:01:16,593 [INFO] UtilMem:74 - Before build in PCC Used Memory: 577022456 Bytes (842006528)
2020-12-08 20:01:17,462 [INFO] SharedServices:71 - Folder for power plug-in: C:/Users/PC/.stm32cubemx/plugins/power
2020-12-08 20:01:17,547 [INFO] SharedServices:71 - Folder for power plug-in: C:/Users/PC/.stm32cubemx/plugins/power
2020-12-08 20:01:17,614 [INFO] SharedServices:71 - Folder for power plug-in: C:/Users/PC/.stm32cubemx/plugins/power
2020-12-08 20:01:17,621 [INFO] SharedServices:71 - Folder for power plug-in: C:/Users/PC/.stm32cubemx/plugins/power
2020-12-08 20:01:17,961 [INFO] UtilMem:74 - After build in PCC Used Memory: 633645560 Bytes (842006528)
2020-12-08 20:01:17,996 [INFO] IPUIPlugin:65 - create IPUIPlugin
2020-12-08 20:01:17,997 [INFO] IPUIPlugin:65 - create IPUIPlugin
2020-12-08 20:01:17,997 [INFO] IPUIPlugin:65 - create IPUIPlugin
2020-12-08 20:01:17,997 [INFO] IPUIPlugin:65 - create IPUIPlugin
2020-12-08 20:01:17,998 [INFO] IPUIPlugin:65 - create IPUIPlugin
2020-12-08 20:01:17,999 [INFO] IPUIPlugin:65 - create IPUIPlugin
2020-12-08 20:01:17,999 [INFO] IPUIPlugin:65 - create IPUIPlugin
2020-12-08 20:01:18,000 [INFO] IPUIPlugin:65 - create IPUIPlugin
2020-12-08 20:01:18,000 [INFO] IPUIPlugin:65 - create IPUIPlugin
2020-12-08 20:01:18,000 [INFO] IPUIPlugin:65 - create IPUIPlugin
2020-12-08 20:01:18,001 [INFO] IPUIPlugin:65 - create IPUIPlugin
2020-12-08 20:01:18,002 [INFO] IPUIPlugin:65 - create IPUIPlugin
2020-12-08 20:01:18,002 [INFO] IPUIPlugin:65 - create IPUIPlugin
2020-12-08 20:01:18,003 [INFO] IPUIPlugin:65 - create IPUIPlugin
2020-12-08 20:01:18,003 [INFO] IPUIPlugin:65 - create IPUIPlugin
2020-12-08 20:01:18,004 [INFO] IPUIPlugin:65 - create IPUIPlugin
2020-12-08 20:01:18,004 [INFO] IPUIPlugin:65 - create IPUIPlugin
2020-12-08 20:01:18,005 [INFO] IPUIPlugin:65 - create IPUIPlugin
2020-12-08 20:01:18,005 [INFO] IPUIPlugin:65 - create IPUIPlugin
2020-12-08 20:01:18,006 [INFO] IPUIPlugin:65 - create IPUIPlugin
2020-12-08 20:01:18,006 [INFO] IPUIPlugin:65 - create IPUIPlugin
2020-12-08 20:01:18,007 [INFO] IPUIPlugin:65 - create IPUIPlugin
2020-12-08 20:01:18,007 [INFO] IPUIPlugin:65 - create IPUIPlugin
2020-12-08 20:01:18,007 [INFO] IPUIPlugin:65 - create IPUIPlugin
2020-12-08 20:01:18,007 [INFO] IPUIPlugin:65 - create IPUIPlugin
2020-12-08 20:01:18,008 [INFO] IPUIPlugin:65 - create IPUIPlugin
2020-12-08 20:01:18,008 [INFO] IPUIPlugin:65 - create IPUIPlugin
2020-12-08 20:01:18,064 [INFO] LogOutputStream:76 - [STDOUT_REDIRECT] toolchainItems.length=====1
2020-12-08 20:01:18,197 [INFO] OpenFileManager:294 - Restore cursor
2020-12-08 20:01:18,518 [INFO] UtilMem:74 - End SaveConfig() Used Memory: 660908536 Bytes (842006528)
2020-12-08 20:01:19,414 [INFO] FileExtend:225 - Unzip File : stm32cube_fw_f1_v180.zip
2020-12-08 20:01:19,416 [INFO] FileExtend:240 - Standard Zip Deflate
2020-12-08 20:01:35,824 [INFO] ServerAccessManage:348 - Download File stm32cube_fw_f1_v183.zip
2020-12-08 20:02:22,530 [INFO] FileExtend:225 - Unzip File : stm32cube_fw_f1_v183.zip
2020-12-08 20:02:22,530 [INFO] FileExtend:240 - Standard Zip Deflate
2020-12-08 20:02:23,082 [INFO] LoadServerPackagesThread:160 - End of LoadServerPackages Thread
2020-12-08 20:02:23,155 [INFO] CheckServerUpdateThread:92 - End of CheckServer Thread
2020-12-08 20:02:23,176 [INFO] UtilMem:74 - End SaveConfig() Used Memory: 640371040 Bytes (1073741824)
2020-12-08 20:02:23,940 [INFO] BlockDiagram:2671 - set Specific Code input for plugin: NVIC
2020-12-08 20:02:23,940 [INFO] BlockDiagram:2671 - set Specific Code input for plugin: USART
2020-12-08 20:02:23,940 [INFO] BlockDiagram:2671 - set Specific Code input for plugin: SYS
2020-12-08 20:02:23,940 [INFO] BlockDiagram:2671 - set Specific Code input for plugin: GPIO
2020-12-08 20:02:23,940 [INFO] BlockDiagram:2671 - set Specific Code input for plugin: RCC
2020-12-08 20:02:23,940 [INFO] CodeGenerator:603 - code generatio: config db path: C:\ST\STM32CubeIDE_1.3.0\STM32CubeIDE\plugins\com.st.stm32cube.common.mx_5.6.0.202002181639\\db\
2020-12-08 20:02:24,534 [INFO] CodeEngine:188 - oldGeneratedFile, C:\Users\PC\Documents\GitHub\STM32_Nucleo\HAL_lib\GPIO_LED\MXTmpFiles\license.tmp_save
2020-12-08 20:02:25,137 [INFO] CodeEngine:206 - Generated code: C:\Users\PC\Documents\GitHub\STM32_Nucleo\HAL_lib\GPIO_LED\MXTmpFiles\license.tmp
2020-12-08 20:02:25,989 [INFO] CodeEngine:188 - oldGeneratedFile, C:\Users\PC\Documents\GitHub\STM32_Nucleo\HAL_lib\GPIO_LED\MXTmpFiles\gpio.tmp_save
2020-12-08 20:02:26,202 [INFO] CodeEngine:206 - Generated code: C:\Users\PC\Documents\GitHub\STM32_Nucleo\HAL_lib\GPIO_LED\MXTmpFiles\gpio.tmp
2020-12-08 20:02:26,319 [INFO] LogOutputStream:76 - [STDOUT_REDIRECT] Command line
2020-12-08 20:02:26,321 [INFO] LogOutputStream:76 - [STDOUT_REDIRECT] Debug : prepare data for USART
2020-12-08 20:02:26,323 [INFO] LogOutputStream:76 - [STDOUT_REDIRECT] Command line test
2020-12-08 20:02:26,327 [INFO] LogOutputStream:76 - [STDOUT_REDIRECT] Debug : prepare data for NVIC
2020-12-08 20:02:26,328 [INFO] LogOutputStream:76 - [STDOUT_REDIRECT] Command line test
2020-12-08 20:02:26,339 [INFO] CodeEngine:188 - oldGeneratedFile, C:\Users\PC\Documents\GitHub\STM32_Nucleo\HAL_lib\GPIO_LED\Core\Src\stm32f1xx_it.c_save
2020-12-08 20:02:26,588 [INFO] CodeEngine:206 - Generated code: C:\Users\PC\Documents\GitHub\STM32_Nucleo\HAL_lib\GPIO_LED\Core\Src\stm32f1xx_it.c
2020-12-08 20:02:26,594 [INFO] CodeEngine:188 - oldGeneratedFile, C:\Users\PC\Documents\GitHub\STM32_Nucleo\HAL_lib\GPIO_LED\Core\Inc\stm32f1xx_it.h_save
2020-12-08 20:02:26,813 [INFO] CodeEngine:206 - Generated code: C:\Users\PC\Documents\GitHub\STM32_Nucleo\HAL_lib\GPIO_LED\Core\Inc\stm32f1xx_it.h
2020-12-08 20:02:26,829 [INFO] CodeEngine:188 - oldGeneratedFile, C:\Users\PC\Documents\GitHub\STM32_Nucleo\HAL_lib\GPIO_LED\Core\Src\stm32f1xx_hal_msp.c_save
2020-12-08 20:02:27,079 [INFO] CodeEngine:206 - Generated code: C:\Users\PC\Documents\GitHub\STM32_Nucleo\HAL_lib\GPIO_LED\Core\Src\stm32f1xx_hal_msp.c
2020-12-08 20:02:27,094 [INFO] CodeEngine:188 - oldGeneratedFile, C:\Users\PC\Documents\GitHub\STM32_Nucleo\HAL_lib\GPIO_LED\MXTmpFiles\system.tmp_save
2020-12-08 20:02:27,235 [INFO] CodeEngine:206 - Generated code: C:\Users\PC\Documents\GitHub\STM32_Nucleo\HAL_lib\GPIO_LED\MXTmpFiles\system.tmp
2020-12-08 20:02:27,251 [INFO] CodeEngine:188 - oldGeneratedFile, C:\Users\PC\Documents\GitHub\STM32_Nucleo\HAL_lib\GPIO_LED\Core\Inc\stm32f1xx_hal_conf.h_save
2020-12-08 20:02:27,419 [INFO] CodeEngine:206 - Generated code: C:\Users\PC\Documents\GitHub\STM32_Nucleo\HAL_lib\GPIO_LED\Core\Inc\stm32f1xx_hal_conf.h
2020-12-08 20:02:27,449 [WARN] IPConfigManager:2701 - IP not found : gpio
2020-12-08 20:02:27,463 [WARN] CodeGenerator:2649 - IP not found : gpio
2020-12-08 20:02:27,474 [INFO] CodeEngine:188 - oldGeneratedFile, C:\Users\PC\Documents\GitHub\STM32_Nucleo\HAL_lib\GPIO_LED\Core\Inc\main.h_save
2020-12-08 20:02:27,661 [INFO] CodeEngine:206 - Generated code: C:\Users\PC\Documents\GitHub\STM32_Nucleo\HAL_lib\GPIO_LED\Core\Inc\main.h
2020-12-08 20:02:27,675 [INFO] CodeEngine:188 - oldGeneratedFile, C:\Users\PC\Documents\GitHub\STM32_Nucleo\HAL_lib\GPIO_LED\Core\Src\main.c_save
2020-12-08 20:02:27,907 [INFO] CodeEngine:206 - Generated code: C:\Users\PC\Documents\GitHub\STM32_Nucleo\HAL_lib\GPIO_LED\Core\Src\main.c
2020-12-08 20:02:29,095 [INFO] ProjectBuilder:2002 - Time for Copy HAL[1] : 156mS.
2020-12-08 20:02:29,111 [INFO] ProjectBuilder:2727 - Project Generator version: 3.7.1
2020-12-08 20:02:29,658 [INFO] ConfigFileManager:1066 - The Die is : DIE410
2020-12-08 20:02:44,947 [INFO] ProjectBuilder:2894 - Time for Generating toolchain IDE Files: 15836mS.
2020-12-08 20:02:44,948 [INFO] ProjectBuilder:1878 - Time for Copy CMSIS : 1mS.
2020-12-08 20:02:44,955 [INFO] ProjectBuilder:1878 - Time for Copy CMSIS : 0mS.
2020-12-08 20:09:35,499 [INFO] Gpio:248 - dependency for GPIO [RCC, SYS, USART2]
2020-12-08 20:13:30,714 [INFO] UtilMem:74 - End SaveConfig() Used Memory: 510052840 Bytes (1073741824)
2020-12-08 20:13:33,356 [INFO] UtilMem:74 - End SaveConfig() Used Memory: 517732896 Bytes (1073741824)
2020-12-08 20:13:33,675 [INFO] UtilMem:74 - End SaveConfig() Used Memory: 533461536 Bytes (1073741824)
2020-12-08 20:13:34,038 [INFO] BlockDiagram:2671 - set Specific Code input for plugin: NVIC
2020-12-08 20:13:34,038 [INFO] BlockDiagram:2671 - set Specific Code input for plugin: USART
2020-12-08 20:13:34,038 [INFO] BlockDiagram:2671 - set Specific Code input for plugin: SYS
2020-12-08 20:13:34,038 [INFO] BlockDiagram:2671 - set Specific Code input for plugin: GPIO
2020-12-08 20:13:34,039 [INFO] BlockDiagram:2671 - set Specific Code input for plugin: RCC
2020-12-08 20:13:34,042 [INFO] CodeGenerator:603 - code generatio: config db path: C:\ST\STM32CubeIDE_1.3.0\STM32CubeIDE\plugins\com.st.stm32cube.common.mx_5.6.0.202002181639\\db\
2020-12-08 20:13:34,277 [INFO] CodeEngine:188 - oldGeneratedFile, C:\Users\PC\Documents\GitHub\STM32_Nucleo\HAL_lib\GPIO_LED\MXTmpFiles\license.tmp_save
2020-12-08 20:13:34,390 [INFO] CodeEngine:206 - Generated code: C:\Users\PC\Documents\GitHub\STM32_Nucleo\HAL_lib\GPIO_LED\MXTmpFiles\license.tmp
2020-12-08 20:13:34,422 [INFO] CodeEngine:188 - oldGeneratedFile, C:\Users\PC\Documents\GitHub\STM32_Nucleo\HAL_lib\GPIO_LED\MXTmpFiles\gpio.tmp_save
2020-12-08 20:13:34,531 [INFO] CodeEngine:206 - Generated code: C:\Users\PC\Documents\GitHub\STM32_Nucleo\HAL_lib\GPIO_LED\MXTmpFiles\gpio.tmp
2020-12-08 20:13:34,578 [INFO] LogOutputStream:76 - [STDOUT_REDIRECT] Command line
2020-12-08 20:13:34,594 [INFO] LogOutputStream:76 - [STDOUT_REDIRECT] Debug : prepare data for USART
2020-12-08 20:13:34,594 [INFO] LogOutputStream:76 - [STDOUT_REDIRECT] Command line test
2020-12-08 20:13:34,594 [INFO] LogOutputStream:76 - [STDOUT_REDIRECT] Debug : prepare data for NVIC
2020-12-08 20:13:34,594 [INFO] LogOutputStream:76 - [STDOUT_REDIRECT] Command line test
2020-12-08 20:13:34,609 [INFO] CodeEngine:188 - oldGeneratedFile, C:\Users\PC\Documents\GitHub\STM32_Nucleo\HAL_lib\GPIO_LED\Core\Src\stm32f1xx_it.c_save
2020-12-08 20:13:34,812 [INFO] CodeEngine:206 - Generated code: C:\Users\PC\Documents\GitHub\STM32_Nucleo\HAL_lib\GPIO_LED\Core\Src\stm32f1xx_it.c
2020-12-08 20:13:34,828 [INFO] CodeEngine:188 - oldGeneratedFile, C:\Users\PC\Documents\GitHub\STM32_Nucleo\HAL_lib\GPIO_LED\Core\Inc\stm32f1xx_it.h_save
2020-12-08 20:13:34,937 [INFO] CodeEngine:206 - Generated code: C:\Users\PC\Documents\GitHub\STM32_Nucleo\HAL_lib\GPIO_LED\Core\Inc\stm32f1xx_it.h
2020-12-08 20:13:34,969 [INFO] CodeEngine:188 - oldGeneratedFile, C:\Users\PC\Documents\GitHub\STM32_Nucleo\HAL_lib\GPIO_LED\Core\Src\stm32f1xx_hal_msp.c_save
2020-12-08 20:13:35,171 [INFO] CodeEngine:206 - Generated code: C:\Users\PC\Documents\GitHub\STM32_Nucleo\HAL_lib\GPIO_LED\Core\Src\stm32f1xx_hal_msp.c
2020-12-08 20:13:35,185 [INFO] CodeEngine:188 - oldGeneratedFile, C:\Users\PC\Documents\GitHub\STM32_Nucleo\HAL_lib\GPIO_LED\MXTmpFiles\system.tmp_save
2020-12-08 20:13:35,307 [INFO] CodeEngine:206 - Generated code: C:\Users\PC\Documents\GitHub\STM32_Nucleo\HAL_lib\GPIO_LED\MXTmpFiles\system.tmp
2020-12-08 20:13:35,323 [INFO] CodeEngine:188 - oldGeneratedFile, C:\Users\PC\Documents\GitHub\STM32_Nucleo\HAL_lib\GPIO_LED\Core\Inc\stm32f1xx_hal_conf.h_save
2020-12-08 20:13:35,463 [INFO] CodeEngine:206 - Generated code: C:\Users\PC\Documents\GitHub\STM32_Nucleo\HAL_lib\GPIO_LED\Core\Inc\stm32f1xx_hal_conf.h
2020-12-08 20:13:35,479 [WARN] IPConfigManager:2701 - IP not found : gpio
2020-12-08 20:13:35,495 [WARN] CodeGenerator:2649 - IP not found : gpio
2020-12-08 20:13:35,495 [INFO] CodeEngine:188 - oldGeneratedFile, C:\Users\PC\Documents\GitHub\STM32_Nucleo\HAL_lib\GPIO_LED\Core\Inc\main.h_save
2020-12-08 20:13:35,667 [INFO] CodeEngine:206 - Generated code: C:\Users\PC\Documents\GitHub\STM32_Nucleo\HAL_lib\GPIO_LED\Core\Inc\main.h
2020-12-08 20:13:35,682 [INFO] CodeEngine:188 - oldGeneratedFile, C:\Users\PC\Documents\GitHub\STM32_Nucleo\HAL_lib\GPIO_LED\Core\Src\main.c_save
2020-12-08 20:13:35,854 [INFO] CodeEngine:206 - Generated code: C:\Users\PC\Documents\GitHub\STM32_Nucleo\HAL_lib\GPIO_LED\Core\Src\main.c
2020-12-08 20:13:36,592 [INFO] ProjectBuilder:2002 - Time for Copy HAL[1] : 188mS.
2020-12-08 20:13:36,592 [INFO] ProjectBuilder:2727 - Project Generator version: 3.7.1
2020-12-08 20:13:38,014 [INFO] ConfigFileManager:1066 - The Die is : DIE410
2020-12-08 20:13:40,823 [INFO] ProjectBuilder:2894 - Time for Generating toolchain IDE Files: 4231mS.
2020-12-08 20:13:40,825 [INFO] ProjectBuilder:1878 - Time for Copy CMSIS : 1mS.
2020-12-08 20:13:40,833 [INFO] ProjectBuilder:1878 - Time for Copy CMSIS : 0mS.
2020-12-08 20:14:05,248 [INFO] UtilMem:74 - End SaveConfig() Used Memory: 632000000 Bytes (1073741824)
2020-12-08 20:14:06,724 [INFO] UtilMem:74 - End SaveConfig() Used Memory: 639649040 Bytes (1073741824)
2020-12-08 20:14:07,103 [INFO] UtilMem:74 - End SaveConfig() Used Memory: 682358096 Bytes (1073741824)
2020-12-08 20:14:07,655 [INFO] BlockDiagram:2671 - set Specific Code input for plugin: NVIC
2020-12-08 20:14:07,655 [INFO] BlockDiagram:2671 - set Specific Code input for plugin: USART
2020-12-08 20:14:07,655 [INFO] BlockDiagram:2671 - set Specific Code input for plugin: SYS
2020-12-08 20:14:07,655 [INFO] BlockDiagram:2671 - set Specific Code input for plugin: GPIO
2020-12-08 20:14:07,655 [INFO] BlockDiagram:2671 - set Specific Code input for plugin: RCC
2020-12-08 20:14:07,658 [INFO] CodeGenerator:603 - code generatio: config db path: C:\ST\STM32CubeIDE_1.3.0\STM32CubeIDE\plugins\com.st.stm32cube.common.mx_5.6.0.202002181639\\db\
2020-12-08 20:14:08,001 [INFO] CodeEngine:188 - oldGeneratedFile, C:\Users\PC\Documents\GitHub\STM32_Nucleo\HAL_lib\GPIO_LED\MXTmpFiles\license.tmp_save
2020-12-08 20:14:08,131 [INFO] CodeEngine:206 - Generated code: C:\Users\PC\Documents\GitHub\STM32_Nucleo\HAL_lib\GPIO_LED\MXTmpFiles\license.tmp
2020-12-08 20:14:08,172 [INFO] CodeEngine:188 - oldGeneratedFile, C:\Users\PC\Documents\GitHub\STM32_Nucleo\HAL_lib\GPIO_LED\Core\Src\gpio.c_save
2020-12-08 20:14:08,311 [INFO] CodeEngine:206 - Generated code: C:\Users\PC\Documents\GitHub\STM32_Nucleo\HAL_lib\GPIO_LED\Core\Src\gpio.c
2020-12-08 20:14:08,326 [INFO] CodeEngine:188 - oldGeneratedFile, C:\Users\PC\Documents\GitHub\STM32_Nucleo\HAL_lib\GPIO_LED\Core\Inc\gpio.h_save
2020-12-08 20:14:08,420 [INFO] CodeEngine:206 - Generated code: C:\Users\PC\Documents\GitHub\STM32_Nucleo\HAL_lib\GPIO_LED\Core\Inc\gpio.h
2020-12-08 20:14:08,483 [INFO] LogOutputStream:76 - [STDOUT_REDIRECT] Command line
2020-12-08 20:14:08,483 [INFO] LogOutputStream:76 - [STDOUT_REDIRECT] Debug : prepare data for USART
2020-12-08 20:14:08,483 [INFO] LogOutputStream:76 - [STDOUT_REDIRECT] Command line test
2020-12-08 20:14:08,498 [INFO] CodeEngine:188 - oldGeneratedFile, C:\Users\PC\Documents\GitHub\STM32_Nucleo\HAL_lib\GPIO_LED\Core\Src\usart.c_save
2020-12-08 20:14:08,686 [INFO] CodeEngine:206 - Generated code: C:\Users\PC\Documents\GitHub\STM32_Nucleo\HAL_lib\GPIO_LED\Core\Src\usart.c
2020-12-08 20:14:08,701 [INFO] CodeEngine:188 - oldGeneratedFile, C:\Users\PC\Documents\GitHub\STM32_Nucleo\HAL_lib\GPIO_LED\Core\Inc\usart.h_save
2020-12-08 20:14:08,889 [INFO] CodeEngine:206 - Generated code: C:\Users\PC\Documents\GitHub\STM32_Nucleo\HAL_lib\GPIO_LED\Core\Inc\usart.h
2020-12-08 20:14:08,889 [INFO] LogOutputStream:76 - [STDOUT_REDIRECT] Debug : prepare data for NVIC
2020-12-08 20:14:08,889 [INFO] LogOutputStream:76 - [STDOUT_REDIRECT] Command line test
2020-12-08 20:14:08,905 [INFO] CodeEngine:188 - oldGeneratedFile, C:\Users\PC\Documents\GitHub\STM32_Nucleo\HAL_lib\GPIO_LED\Core\Src\stm32f1xx_it.c_save
2020-12-08 20:14:09,036 [INFO] CodeEngine:206 - Generated code: C:\Users\PC\Documents\GitHub\STM32_Nucleo\HAL_lib\GPIO_LED\Core\Src\stm32f1xx_it.c
2020-12-08 20:14:09,046 [INFO] CodeEngine:188 - oldGeneratedFile, C:\Users\PC\Documents\GitHub\STM32_Nucleo\HAL_lib\GPIO_LED\Core\Inc\stm32f1xx_it.h_save
2020-12-08 20:14:09,131 [INFO] CodeEngine:206 - Generated code: C:\Users\PC\Documents\GitHub\STM32_Nucleo\HAL_lib\GPIO_LED\Core\Inc\stm32f1xx_it.h
2020-12-08 20:14:09,146 [INFO] CodeEngine:188 - oldGeneratedFile, C:\Users\PC\Documents\GitHub\STM32_Nucleo\HAL_lib\GPIO_LED\Core\Src\stm32f1xx_hal_msp.c_save
2020-12-08 20:14:09,301 [INFO] CodeEngine:206 - Generated code: C:\Users\PC\Documents\GitHub\STM32_Nucleo\HAL_lib\GPIO_LED\Core\Src\stm32f1xx_hal_msp.c
2020-12-08 20:14:09,311 [INFO] CodeEngine:188 - oldGeneratedFile, C:\Users\PC\Documents\GitHub\STM32_Nucleo\HAL_lib\GPIO_LED\MXTmpFiles\system.tmp_save
2020-12-08 20:14:09,375 [INFO] CodeEngine:206 - Generated code: C:\Users\PC\Documents\GitHub\STM32_Nucleo\HAL_lib\GPIO_LED\MXTmpFiles\system.tmp
2020-12-08 20:14:09,375 [INFO] CodeEngine:188 - oldGeneratedFile, C:\Users\PC\Documents\GitHub\STM32_Nucleo\HAL_lib\GPIO_LED\Core\Inc\stm32f1xx_hal_conf.h_save
2020-12-08 20:14:09,484 [INFO] CodeEngine:206 - Generated code: C:\Users\PC\Documents\GitHub\STM32_Nucleo\HAL_lib\GPIO_LED\Core\Inc\stm32f1xx_hal_conf.h
2020-12-08 20:14:09,515 [INFO] CodeEngine:188 - oldGeneratedFile, C:\Users\PC\Documents\GitHub\STM32_Nucleo\HAL_lib\GPIO_LED\Core\Inc\main.h_save
2020-12-08 20:14:09,640 [INFO] CodeEngine:206 - Generated code: C:\Users\PC\Documents\GitHub\STM32_Nucleo\HAL_lib\GPIO_LED\Core\Inc\main.h
2020-12-08 20:14:09,656 [INFO] CodeEngine:188 - oldGeneratedFile, C:\Users\PC\Documents\GitHub\STM32_Nucleo\HAL_lib\GPIO_LED\Core\Src\main.c_save
2020-12-08 20:14:09,812 [INFO] CodeEngine:206 - Generated code: C:\Users\PC\Documents\GitHub\STM32_Nucleo\HAL_lib\GPIO_LED\Core\Src\main.c
2020-12-08 20:14:10,727 [INFO] ProjectBuilder:2002 - Time for Copy HAL[1] : 141mS.
2020-12-08 20:14:10,732 [INFO] ProjectBuilder:2727 - Project Generator version: 3.7.1
2020-12-08 20:14:11,019 [INFO] ConfigFileManager:1066 - The Die is : DIE410
2020-12-08 20:14:13,190 [INFO] ProjectBuilder:2894 - Time for Generating toolchain IDE Files: 2458mS.
2020-12-08 20:14:13,192 [INFO] ProjectBuilder:1878 - Time for Copy CMSIS : 1mS.
2020-12-08 20:14:13,199 [INFO] ProjectBuilder:1878 - Time for Copy CMSIS : 0mS.
